#
# There is insufficient memory for the Java Runtime Environment to continue.
# Native memory allocation (mmap) failed to map 16781312 bytes for committing reserved memory.
# Possible reasons:
#   The system is out of physical RAM or swap space
#   In 32 bit mode, the process size limit was hit
# Possible solutions:
#   Reduce memory load on the system
#   Increase physical memory or swap space
#   Check if swap backing store is full
#   Use 64 bit Java on a 64 bit OS
#   Decrease Java heap size (-Xmx/-Xms)
#   Decrease number of Java threads
#   Decrease Java thread stack sizes (-Xss)
#   Set larger code cache with -XX:ReservedCodeCacheSize=
# This output file may be truncated or incomplete.
#
#  Out of Memory Error (os_linux.cpp:2643), pid=24436, tid=0x00007f7c7c2d9700
#
# JRE version: OpenJDK Runtime Environment (8.0_181-b13) (build 1.8.0_181-8u181-b13-0ubuntu0.16.04.1-b13)
# Java VM: OpenJDK 64-Bit Server VM (25.181-b13 mixed mode linux-amd64 compressed oops)
# Failed to write core dump. Core dumps have been disabled. To enable core dumping, try "ulimit -c unlimited" before starting Java again
#

---------------  T H R E A D  ---------------

Current thread (0x00007f7c8c075800):  VMThread [stack: 0x00007f7c7c1d9000,0x00007f7c7c2da000] [id=24450]

Stack: [0x00007f7c7c1d9000,0x00007f7c7c2da000],  sp=0x00007f7c7c2d8070,  free space=1020k
Native frames: (J=compiled Java code, j=interpreted, Vv=VM code, C=native code)
V  [libjvm.so+0xa70edb]
V  [libjvm.so+0x4c893c]
V  [libjvm.so+0x8bda08]
V  [libjvm.so+0x8b7d9e]
V  [libjvm.so+0xa6d7c4]
V  [libjvm.so+0x5cdd5d]
V  [libjvm.so+0x5cecbc]
V  [libjvm.so+0x5bbac6]
V  [libjvm.so+0x4d064c]
V  [libjvm.so+0x61adef]
V  [libjvm.so+0x992a43]
V  [libjvm.so+0x4cd3c2]
V  [libjvm.so+0x5ba150]
V  [libjvm.so+0x4cef88]
V  [libjvm.so+0x5bb0d8]
V  [libjvm.so+0x45029f]
V  [libjvm.so+0xa71fe1]
V  [libjvm.so+0xa77d27]
V  [libjvm.so+0xa75427]
V  [libjvm.so+0xa768af]
V  [libjvm.so+0xa76da1]
V  [libjvm.so+0x8bae12]

VM_Operation (0x00007f7c56ae9f10): GenCollectForAllocation, mode: safepoint, requested by thread 0x00007f7c612d7000


---------------  P R O C E S S  ---------------

Java Threads: ( => current thread )
  0x00007f7c781d6000 JavaThread "Executor task launch worker for task 450" daemon [_thread_blocked, id=24894, stack(0x00007f7c568ea000,0x00007f7c569eb000)]
  0x00007f7c61c1e000 JavaThread "broadcast-exchange-167" daemon [_thread_blocked, id=24893, stack(0x00007f7c539d5000,0x00007f7c53ad6000)]
  0x00007f7c612d7000 JavaThread "broadcast-exchange-166" daemon [_thread_blocked, id=24892, stack(0x00007f7c569eb000,0x00007f7c56aec000)]
  0x00007f7c61184800 JavaThread "broadcast-exchange-165" daemon [_thread_blocked, id=24891, stack(0x00007f7c567e9000,0x00007f7c568ea000)]
  0x00007f7c646d9800 JavaThread "Thread-26" [_thread_in_native, id=24530, stack(0x00007f7c54de5000,0x00007f7c54ee6000)]
  0x00007f7c7003f000 JavaThread "task-result-getter-3" daemon [_thread_blocked, id=24504, stack(0x00007f7c559e7000,0x00007f7c55ae8000)]
  0x00007f7c780e8800 JavaThread "task-result-getter-2" daemon [_thread_blocked, id=24503, stack(0x00007f7c566e8000,0x00007f7c567e9000)]
  0x00007f7c780bb000 JavaThread "task-result-getter-1" daemon [_thread_blocked, id=24498, stack(0x00007f7c56bed000,0x00007f7c56cee000)]
  0x00007f7c70032800 JavaThread "task-result-getter-0" daemon [_thread_blocked, id=24497, stack(0x00007f7c56eee000,0x00007f7c56fef000)]
  0x00007f7c61015000 JavaThread "org.apache.hadoop.fs.FileSystem$Statistics$StatisticsDataReferenceCleaner" daemon [_thread_blocked, id=24495, stack(0x00007f7c578fd000,0x00007f7c579fe000)]
  0x00007f7c60982000 JavaThread "SparkListenerBus" daemon [_thread_blocked, id=24493, stack(0x00007f7c57dfe000,0x00007f7c57eff000)]
  0x00007f7c60816800 JavaThread "context-cleaner-periodic-gc" daemon [_thread_blocked, id=24492, stack(0x00007f7c57eff000,0x00007f7c58000000)]
  0x00007f7c60814800 JavaThread "Spark Context Cleaner" daemon [_thread_blocked, id=24491, stack(0x00007f7c5c0f2000,0x00007f7c5c1f3000)]
  0x00007f7c6062e000 JavaThread "shuffle-server-5-1" daemon [_thread_blocked, id=24490, stack(0x00007f7c5c3f3000,0x00007f7c5c4f4000)]
  0x00007f7c60639800 JavaThread "driver-heartbeater" daemon [_thread_blocked, id=24489, stack(0x00007f7c5c4f4000,0x00007f7c5c5f5000)]
  0x00007f7c605e4000 JavaThread "dag-scheduler-event-loop" daemon [_thread_blocked, id=24488, stack(0x00007f7c5c5f5000,0x00007f7c5c6f6000)]
  0x00000000025c7800 JavaThread "netty-rpc-env-timeout" daemon [_thread_blocked, id=24487, stack(0x00007f7c5c6f6000,0x00007f7c5c7f7000)]
  0x00007f7c6053b000 JavaThread "Timer-0" daemon [_thread_blocked, id=24486, stack(0x00007f7c5c7f7000,0x00007f7c5c8f8000)]
  0x00007f7c78070000 JavaThread "heartbeat-receiver-event-loop-thread" daemon [_thread_blocked, id=24485, stack(0x00007f7c5c8f8000,0x00007f7c5c9f9000)]
  0x00007f7c605d0000 JavaThread "SparkUI-37" daemon [_thread_blocked, id=24484, stack(0x00007f7c5c9f9000,0x00007f7c5cafa000)]
  0x00007f7c605d1000 JavaThread "SparkUI-36" daemon [_thread_blocked, id=24483, stack(0x00007f7c5cafa000,0x00007f7c5cbfb000)]
  0x00007f7c605f3800 JavaThread "SparkUI-35" daemon [_thread_blocked, id=24482, stack(0x00007f7c5cbfb000,0x00007f7c5ccfc000)]
  0x00007f7c605f1800 JavaThread "SparkUI-34" daemon [_thread_blocked, id=24481, stack(0x00007f7c5ccfc000,0x00007f7c5cdfd000)]
  0x00007f7c605f0000 JavaThread "SparkUI-33" daemon [_thread_blocked, id=24480, stack(0x00007f7c5cdfd000,0x00007f7c5cefe000)]
  0x00007f7c605ee000 JavaThread "SparkUI-32" daemon [_thread_blocked, id=24479, stack(0x00007f7c5cefe000,0x00007f7c5cfff000)]
  0x00007f7c6061f000 JavaThread "SparkUI-31-acceptor-0@619024fa-Spark@6f57d6b8{HTTP/1.1}{0.0.0.0:4040}" daemon [_thread_in_native, id=24478, stack(0x00007f7c74066000,0x00007f7c74167000)]
  0x00007f7c6061e000 JavaThread "SparkUI-30-selector-ServerConnectorManager@3ad05238/0" daemon [_thread_in_native, id=24477, stack(0x00007f7c74167000,0x00007f7c74268000)]
  0x00007f7c604a7800 JavaThread "refresh progress" daemon [_thread_blocked, id=24475, stack(0x00007f7c74468000,0x00007f7c74569000)]
  0x00007f7c60314800 JavaThread "map-output-dispatcher-7" daemon [_thread_blocked, id=24474, stack(0x00007f7c74769000,0x00007f7c7486a000)]
  0x00007f7c60312800 JavaThread "map-output-dispatcher-6" daemon [_thread_blocked, id=24473, stack(0x00007f7c7486a000,0x00007f7c7496b000)]
  0x00007f7c6057f000 JavaThread "map-output-dispatcher-5" daemon [_thread_blocked, id=24472, stack(0x00007f7c7496b000,0x00007f7c74a6c000)]
  0x00007f7c6057d000 JavaThread "map-output-dispatcher-4" daemon [_thread_blocked, id=24471, stack(0x00007f7c74a6c000,0x00007f7c74b6d000)]
  0x00007f7c6057b800 JavaThread "map-output-dispatcher-3" daemon [_thread_blocked, id=24470, stack(0x00007f7c74b6d000,0x00007f7c74c6e000)]
  0x00007f7c604fc800 JavaThread "map-output-dispatcher-2" daemon [_thread_blocked, id=24469, stack(0x00007f7c74c6e000,0x00007f7c74d6f000)]
  0x00007f7c604fb800 JavaThread "map-output-dispatcher-1" daemon [_thread_blocked, id=24468, stack(0x00007f7c74d6f000,0x00007f7c74e70000)]
  0x00007f7c602cb000 JavaThread "map-output-dispatcher-0" daemon [_thread_blocked, id=24467, stack(0x00007f7c74e70000,0x00007f7c74f71000)]
  0x00007f7c6048f000 JavaThread "rpc-server-3-1" daemon [_thread_blocked, id=24466, stack(0x00007f7c74f71000,0x00007f7c75072000)]
  0x00007f7c602c0000 JavaThread "dispatcher-event-loop-1" daemon [_thread_blocked, id=24465, stack(0x00007f7c75498000,0x00007f7c75599000)]
  0x00007f7c602bf000 JavaThread "dispatcher-event-loop-0" daemon [_thread_blocked, id=24464, stack(0x00007f7c75dc5000,0x00007f7c75ec6000)]
  0x00007f7c643e2000 JavaThread "Thread-2" [_thread_blocked, id=24460, stack(0x00007f7c76509000,0x00007f7c7660a000)]
  0x00007f7c8cd35000 JavaThread "Thread-1" [_thread_in_native, id=24459, stack(0x00007f7c7660a000,0x00007f7c7670b000)]
  0x00007f7c8cd26000 JavaThread "pool-1-thread-1" [_thread_blocked, id=24458, stack(0x00007f7c7670b000,0x00007f7c7680c000)]
  0x00007f7c8c0bb000 JavaThread "Service Thread" daemon [_thread_blocked, id=24456, stack(0x00007f7c77963000,0x00007f7c77a64000)]
  0x00007f7c8c0b7800 JavaThread "C1 CompilerThread1" daemon [_thread_blocked, id=24455, stack(0x00007f7c77a64000,0x00007f7c77b65000)]
  0x00007f7c8c0b5800 JavaThread "C2 CompilerThread0" daemon [_thread_blocked, id=24454, stack(0x00007f7c77b65000,0x00007f7c77c66000)]
  0x00007f7c8c0b4000 JavaThread "Signal Dispatcher" daemon [_thread_blocked, id=24453, stack(0x00007f7c77c66000,0x00007f7c77d67000)]
  0x00007f7c8c082000 JavaThread "Finalizer" daemon [_thread_blocked, id=24452, stack(0x00007f7c77eff000,0x00007f7c78000000)]
  0x00007f7c8c07d000 JavaThread "Reference Handler" daemon [_thread_blocked, id=24451, stack(0x00007f7c7c0d8000,0x00007f7c7c1d9000)]
  0x00007f7c8c011800 JavaThread "main" [_thread_in_native, id=24449, stack(0x00007f7c93aa4000,0x00007f7c93ba5000)]

Other Threads:
=>0x00007f7c8c075800 VMThread [stack: 0x00007f7c7c1d9000,0x00007f7c7c2da000] [id=24450]
  0x00007f7c8c0bd800 WatcherThread [stack: 0x00007f7c77862000,0x00007f7c77963000] [id=24457]

VM state:at safepoint (normal execution)

VM Mutex/Monitor currently owned by a thread:  ([mutex/lock_event])
[0x00007f7c8c00dc60] Threads_lock - owner thread: 0x00007f7c8c075800
[0x00007f7c8c00e160] Heap_lock - owner thread: 0x00007f7c612d7000

Heap:
 def new generation   total 156608K, used 148301K [0x00000000c0000000, 0x00000000ca9e0000, 0x00000000d5550000)
  eden space 139264K,  94% used [0x00000000c0000000, 0x00000000c7fe37c8, 0x00000000c8800000)
  from space 17344K,  99% used [0x00000000c8800000, 0x00000000c98efff8, 0x00000000c98f0000)
  to   space 17344K,  99% used [0x00000000c98f0000, 0x00000000ca9dfff8, 0x00000000ca9e0000)
 tenured generation   total 347776K, used 336426K [0x00000000d5550000, 0x00000000ea8f0000, 0x0000000100000000)
   the space 347776K,  96% used [0x00000000d5550000, 0x00000000e9dda880, 0x00000000e9ddaa00, 0x00000000ea8f0000)
 Metaspace       used 73520K, capacity 74490K, committed 75608K, reserved 1114112K
  class space    used 10062K, capacity 10297K, committed 10584K, reserved 1048576K

Card table byte_map: [0x00007f7c7cdff000,0x00007f7c7d000000] byte_map_base: 0x00007f7c7c7ff000

Polling page: 0x00007f7c93bb0000

CodeCache: size=245760Kb used=40237Kb max_used=40780Kb free=205522Kb
 bounds [0x00007f7c7d000000, 0x00007f7c7f820000, 0x00007f7c8c000000]
 total_blobs=12842 nmethods=12247 adapters=506
 compilation: enabled

Compilation events (10 events):
Event: 2862.912 Thread 0x00007f7c8c0b7800 16410   !   3       sun.reflect.GeneratedMethodAccessor55::invoke (61 bytes)
Event: 2866.586 Thread 0x00007f7c8c0b7800 nmethod 16410 0x00007f7c7f1190d0 code [0x00007f7c7f1192c0, 0x00007f7c7f1199b8]
Event: 2866.827 Thread 0x00007f7c8c0b7800 16412       1       org.apache.spark.ui.jobs.UIData$StageUIData::numFailedTasks (5 bytes)
Event: 2867.958 Thread 0x00007f7c8c0b7800 nmethod 16412 0x00007f7c7d3a32d0 code [0x00007f7c7d3a3420, 0x00007f7c7d3a3530]
Event: 2868.458 Thread 0x00007f7c8c0b7800 16414       3       scala.collection.mutable.ArrayBuilder$ofRef::$plus$plus$eq (6 bytes)
Event: 2869.504 Thread 0x00007f7c8c0b7800 nmethod 16414 0x00007f7c7d2dfcd0 code [0x00007f7c7d2dfe40, 0x00007f7c7d2dffc0]
Event: 2869.575 Thread 0x00007f7c8c0b7800 16411       1       org.apache.spark.scheduler.StageInfo::name (5 bytes)
Event: 2870.837 Thread 0x00007f7c8c0b7800 nmethod 16411 0x00007f7c7d471610 code [0x00007f7c7d471760, 0x00007f7c7d471870]
Event: 2871.047 Thread 0x00007f7c8c0b7800 16413       1       org.apache.spark.SparkStageInfoImpl::numTasks (5 bytes)
Event: 2871.773 Thread 0x00007f7c8c0b7800 nmethod 16413 0x00007f7c7d7c9390 code [0x00007f7c7d7c94e0, 0x00007f7c7d7c95f0]

GC Heap History (10 events):
Event: 2671.562 GC heap after
Heap after GC invocations=346 (full 25):
 def new generation   total 156608K, used 2405K [0x00000000c0000000, 0x00000000ca9e0000, 0x00000000d5550000)
  eden space 139264K,   0% used [0x00000000c0000000, 0x00000000c0000000, 0x00000000c8800000)
  from space 17344K,  13% used [0x00000000c8800000, 0x00000000c8a59478, 0x00000000c98f0000)
  to   space 17344K,   0% used [0x00000000c98f0000, 0x00000000c98f0000, 0x00000000ca9e0000)
 tenured generation   total 347776K, used 154109K [0x00000000d5550000, 0x00000000ea8f0000, 0x0000000100000000)
   the space 347776K,  44% used [0x00000000d5550000, 0x00000000debcf548, 0x00000000debcf600, 0x00000000ea8f0000)
 Metaspace       used 73375K, capacity 74312K, committed 75608K, reserved 1114112K
  class space    used 10050K, capacity 10279K, committed 10584K, reserved 1048576K
}
Event: 2693.641 GC heap before
{Heap before GC invocations=346 (full 25):
 def new generation   total 156608K, used 141669K [0x00000000c0000000, 0x00000000ca9e0000, 0x00000000d5550000)
  eden space 139264K, 100% used [0x00000000c0000000, 0x00000000c8800000, 0x00000000c8800000)
  from space 17344K,  13% used [0x00000000c8800000, 0x00000000c8a59478, 0x00000000c98f0000)
  to   space 17344K,   0% used [0x00000000c98f0000, 0x00000000c98f0000, 0x00000000ca9e0000)
 tenured generation   total 347776K, used 154109K [0x00000000d5550000, 0x00000000ea8f0000, 0x0000000100000000)
   the space 347776K,  44% used [0x00000000d5550000, 0x00000000debcf548, 0x00000000debcf600, 0x00000000ea8f0000)
 Metaspace       used 73409K, capacity 74330K, committed 75608K, reserved 1114112K
  class space    used 10052K, capacity 10282K, committed 10584K, reserved 1048576K
Event: 2693.664 GC heap after
Heap after GC invocations=347 (full 25):
 def new generation   total 156608K, used 2882K [0x00000000c0000000, 0x00000000ca9e0000, 0x00000000d5550000)
  eden space 139264K,   0% used [0x00000000c0000000, 0x00000000c0000000, 0x00000000c8800000)
  from space 17344K,  16% used [0x00000000c98f0000, 0x00000000c9bc0ac0, 0x00000000ca9e0000)
  to   space 17344K,   0% used [0x00000000c8800000, 0x00000000c8800000, 0x00000000c98f0000)
 tenured generation   total 347776K, used 203261K [0x00000000d5550000, 0x00000000ea8f0000, 0x0000000100000000)
   the space 347776K,  58% used [0x00000000d5550000, 0x00000000e1bcf578, 0x00000000e1bcf600, 0x00000000ea8f0000)
 Metaspace       used 73409K, capacity 74330K, committed 75608K, reserved 1114112K
  class space    used 10052K, capacity 10282K, committed 10584K, reserved 1048576K
}
Event: 2772.834 GC heap before
{Heap before GC invocations=347 (full 25):
 def new generation   total 156608K, used 139686K [0x00000000c0000000, 0x00000000ca9e0000, 0x00000000d5550000)
  eden space 139264K,  98% used [0x00000000c0000000, 0x00000000c8598db0, 0x00000000c8800000)
  from space 17344K,  16% used [0x00000000c98f0000, 0x00000000c9bc0ac0, 0x00000000ca9e0000)
  to   space 17344K,   0% used [0x00000000c8800000, 0x00000000c8800000, 0x00000000c98f0000)
 tenured generation   total 347776K, used 203261K [0x00000000d5550000, 0x00000000ea8f0000, 0x0000000100000000)
   the space 347776K,  58% used [0x00000000d5550000, 0x00000000e1bcf578, 0x00000000e1bcf600, 0x00000000ea8f0000)
 Metaspace       used 73433K, capacity 74344K, committed 75608K, reserved 1114112K
  class space    used 10053K, capacity 10284K, committed 10584K, reserved 1048576K
Event: 2772.866 GC heap after
Heap after GC invocations=348 (full 25):
 def new generation   total 156608K, used 6559K [0x00000000c0000000, 0x00000000ca9e0000, 0x00000000d5550000)
  eden space 139264K,   0% used [0x00000000c0000000, 0x00000000c0000000, 0x00000000c8800000)
  from space 17344K,  37% used [0x00000000c8800000, 0x00000000c8e67eb8, 0x00000000c98f0000)
  to   space 17344K,   0% used [0x00000000c98f0000, 0x00000000c98f0000, 0x00000000ca9e0000)
 tenured generation   total 347776K, used 252413K [0x00000000d5550000, 0x00000000ea8f0000, 0x0000000100000000)
   the space 347776K,  72% used [0x00000000d5550000, 0x00000000e4bcf5a8, 0x00000000e4bcf600, 0x00000000ea8f0000)
 Metaspace       used 73433K, capacity 74344K, committed 75608K, reserved 1114112K
  class space    used 10053K, capacity 10284K, committed 10584K, reserved 1048576K
}
Event: 2791.772 GC heap before
{Heap before GC invocations=348 (full 25):
 def new generation   total 156608K, used 145823K [0x00000000c0000000, 0x00000000ca9e0000, 0x00000000d5550000)
  eden space 139264K, 100% used [0x00000000c0000000, 0x00000000c8800000, 0x00000000c8800000)
  from space 17344K,  37% used [0x00000000c8800000, 0x00000000c8e67eb8, 0x00000000c98f0000)
  to   space 17344K,   0% used [0x00000000c98f0000, 0x00000000c98f0000, 0x00000000ca9e0000)
 tenured generation   total 347776K, used 252413K [0x00000000d5550000, 0x00000000ea8f0000, 0x0000000100000000)
   the space 347776K,  72% used [0x00000000d5550000, 0x00000000e4bcf5a8, 0x00000000e4bcf600, 0x00000000ea8f0000)
 Metaspace       used 73473K, capacity 74376K, committed 75608K, reserved 1114112K
  class space    used 10056K, capacity 10289K, committed 10584K, reserved 1048576K
Event: 2791.793 GC heap after
Heap after GC invocations=349 (full 25):
 def new generation   total 156608K, used 2588K [0x00000000c0000000, 0x00000000ca9e0000, 0x00000000d5550000)
  eden space 139264K,   0% used [0x00000000c0000000, 0x00000000c0000000, 0x00000000c8800000)
  from space 17344K,  14% used [0x00000000c98f0000, 0x00000000c9b771c8, 0x00000000ca9e0000)
  to   space 17344K,   0% used [0x00000000c8800000, 0x00000000c8800000, 0x00000000c98f0000)
 tenured generation   total 347776K, used 301565K [0x00000000d5550000, 0x00000000ea8f0000, 0x0000000100000000)
   the space 347776K,  86% used [0x00000000d5550000, 0x00000000e7bcf5d8, 0x00000000e7bcf600, 0x00000000ea8f0000)
 Metaspace       used 73473K, capacity 74376K, committed 75608K, reserved 1114112K
  class space    used 10056K, capacity 10289K, committed 10584K, reserved 1048576K
}
Event: 2792.086 GC heap before
{Heap before GC invocations=349 (full 25):
 def new generation   total 156608K, used 141036K [0x00000000c0000000, 0x00000000ca9e0000, 0x00000000d5550000)
  eden space 139264K,  99% used [0x00000000c0000000, 0x00000000c8733ee8, 0x00000000c8800000)
  from space 17344K,  14% used [0x00000000c98f0000, 0x00000000c9b771c8, 0x00000000ca9e0000)
  to   space 17344K,   0% used [0x00000000c8800000, 0x00000000c8800000, 0x00000000c98f0000)
 tenured generation   total 347776K, used 301565K [0x00000000d5550000, 0x00000000ea8f0000, 0x0000000100000000)
   the space 347776K,  86% used [0x00000000d5550000, 0x00000000e7bcf5d8, 0x00000000e7bcf600, 0x00000000ea8f0000)
 Metaspace       used 73489K, capacity 74464K, committed 75608K, reserved 1114112K
  class space    used 10058K, capacity 10294K, committed 10584K, reserved 1048576K
Event: 2792.131 GC heap after
Heap after GC invocations=350 (full 25):
 def new generation   total 156608K, used 17343K [0x00000000c0000000, 0x00000000ca9e0000, 0x00000000d5550000)
  eden space 139264K,   0% used [0x00000000c0000000, 0x00000000c0000000, 0x00000000c8800000)
  from space 17344K,  99% used [0x00000000c8800000, 0x00000000c98efff8, 0x00000000c98f0000)
  to   space 17344K,   0% used [0x00000000c98f0000, 0x00000000c98f0000, 0x00000000ca9e0000)
 tenured generation   total 347776K, used 336161K [0x00000000d5550000, 0x00000000ea8f0000, 0x0000000100000000)
   the space 347776K,  96% used [0x00000000d5550000, 0x00000000e9d98450, 0x00000000e9d98600, 0x00000000ea8f0000)
 Metaspace       used 73489K, capacity 74464K, committed 75608K, reserved 1114112K
  class space    used 10058K, capacity 10294K, committed 10584K, reserved 1048576K
}
Event: 2875.633 GC heap before
{Heap before GC invocations=350 (full 25):
 def new generation   total 156608K, used 148301K [0x00000000c0000000, 0x00000000ca9e0000, 0x00000000d5550000)
  eden space 139264K,  94% used [0x00000000c0000000, 0x00000000c7fe37c8, 0x00000000c8800000)
  from space 17344K,  99% used [0x00000000c8800000, 0x00000000c98efff8, 0x00000000c98f0000)
  to   space 17344K,   0% used [0x00000000c98f0000, 0x00000000c98f0000, 0x00000000ca9e0000)
 tenured generation   total 347776K, used 336161K [0x00000000d5550000, 0x00000000ea8f0000, 0x0000000100000000)
   the space 347776K,  96% used [0x00000000d5550000, 0x00000000e9d98450, 0x00000000e9d98600, 0x00000000ea8f0000)
 Metaspace       used 73520K, capacity 74490K, committed 75608K, reserved 1114112K
  class space    used 10062K, capacity 10297K, committed 10584K, reserved 1048576K

Deoptimization events (10 events):
Event: 2772.785 Thread 0x00007f7c643e2000 Uncommon trap: reason=bimorphic action=maybe_recompile pc=0x00007f7c7ebadce4 method=scala.collection.immutable.Map$Map2.updated(Ljava/lang/Object;Ljava/lang/Object;)Lscala/collection/immutable/Map; @ 60
Event: 2772.785 Thread 0x00007f7c643e2000 Uncommon trap: reason=bimorphic action=maybe_recompile pc=0x00007f7c7ebadce4 method=scala.collection.immutable.Map$Map2.updated(Ljava/lang/Object;Ljava/lang/Object;)Lscala/collection/immutable/Map; @ 60
Event: 2772.785 Thread 0x00007f7c643e2000 Uncommon trap: reason=bimorphic action=maybe_recompile pc=0x00007f7c7ebadce4 method=scala.collection.immutable.Map$Map2.updated(Ljava/lang/Object;Ljava/lang/Object;)Lscala/collection/immutable/Map; @ 60
Event: 2823.046 Thread 0x00007f7c605ee000 Uncommon trap: reason=unstable_if action=reinterpret pc=0x00007f7c7e8a3f7c method=java.util.concurrent.locks.AbstractQueuedSynchronizer.acquireQueued(Ljava/util/concurrent/locks/AbstractQueuedSynchronizer$Node;I)Z @ 17
Event: 2823.046 Thread 0x00007f7c605d1000 Uncommon trap: reason=unstable_if action=reinterpret pc=0x00007f7c7e8a3f58 method=java.util.concurrent.locks.AbstractQueuedSynchronizer.acquireQueued(Ljava/util/concurrent/locks/AbstractQueuedSynchronizer$Node;I)Z @ 25
Event: 2823.046 Thread 0x00007f7c605f1800 Uncommon trap: reason=unstable_if action=reinterpret pc=0x00007f7c7e8a3f7c method=java.util.concurrent.locks.AbstractQueuedSynchronizer.acquireQueued(Ljava/util/concurrent/locks/AbstractQueuedSynchronizer$Node;I)Z @ 17
Event: 2823.046 Thread 0x00007f7c605f0000 Uncommon trap: reason=unstable_if action=reinterpret pc=0x00007f7c7e8a3f7c method=java.util.concurrent.locks.AbstractQueuedSynchronizer.acquireQueued(Ljava/util/concurrent/locks/AbstractQueuedSynchronizer$Node;I)Z @ 17
Event: 2823.063 Thread 0x00007f7c605f1800 Uncommon trap: reason=unstable_if action=reinterpret pc=0x00007f7c7d171b4c method=java.util.concurrent.locks.ReentrantLock$Sync.nonfairTryAcquire(I)Z @ 34
Event: 2829.989 Thread 0x00007f7c78070000 Uncommon trap: reason=unstable_if action=reinterpret pc=0x00007f7c7da0cf8c method=java.util.concurrent.locks.ReentrantLock$Sync.nonfairTryAcquire(I)Z @ 34
Event: 2872.068 Thread 0x00007f7c78070000 Uncommon trap: reason=unstable_if action=reinterpret pc=0x00007f7c7d111888 method=java.lang.ref.SoftReference.get()Ljava/lang/Object; @ 6

Classes redefined (0 events):
No events

Internal exceptions (10 events):
Event: 337.453 Thread 0x00007f7c643e2000 Implicit null exception at 0x00007f7c7e787cd1 to 0x00007f7c7e787d45
Event: 952.675 Thread 0x00007f7c78112000 Implicit null exception at 0x00007f7c7df46d14 to 0x00007f7c7df49795
Event: 1295.027 Thread 0x00007f7c643e2000 Implicit null exception at 0x00007f7c7de38431 to 0x00007f7c7de40d25
Event: 1353.930 Thread 0x00007f7c643e2000 Exception <a 'java/lang/reflect/InvocationTargetException'> (0x00000000c293c380) thrown at [/build/openjdk-8-pREaNj/openjdk-8-8u181-b13/src/hotspot/src/share/vm/runtime/reflection.cpp, line 1092]
Event: 2344.839 Thread 0x00007f7c643e2000 Implicit null exception at 0x00007f7c7da9c5d7 to 0x00007f7c7da9cbad
Event: 2344.937 Thread 0x00007f7c643e2000 Implicit null exception at 0x00007f7c7eb473b5 to 0x00007f7c7eb49e05
Event: 2344.937 Thread 0x00007f7c643e2000 Implicit null exception at 0x00007f7c7d182d37 to 0x00007f7c7d1832e1
Event: 2344.937 Thread 0x00007f7c643e2000 Implicit null exception at 0x00007f7c7dd00440 to 0x00007f7c7dd008d9
Event: 2623.042 Thread 0x00007f7c643e2000 Implicit null exception at 0x00007f7c7de59ccc to 0x00007f7c7de62119
Event: 2872.035 Thread 0x00007f7c78070000 Implicit null exception at 0x00007f7c7d1110ff to 0x00007f7c7d111849

Events (10 events):
Event: 2871.580 loading class org/apache/spark/scheduler/TaskSchedulerImpl$$anonfun$6$$anonfun$7
Event: 2871.657 loading class org/apache/spark/scheduler/TaskSchedulerImpl$$anonfun$6$$anonfun$7 done
Event: 2872.063 Thread 0x00007f7c78070000 Uncommon trap: trap_request=0xffffff65 fr.pc=0x00007f7c7d111888
Event: 2872.078 Thread 0x00007f7c78070000 DEOPT PACKING pc=0x00007f7c7d111888 sp=0x00007f7c5c9f5360
Event: 2872.094 Thread 0x00007f7c78070000 DEOPT UNPACKING pc=0x00007f7c7d04547a sp=0x00007f7c5c9f5260 mode 2
Event: 2873.546 loading class org/apache/spark/scheduler/TaskSchedulerImpl$$anonfun$6$$anonfun$apply$9
Event: 2873.613 loading class org/apache/spark/scheduler/TaskSchedulerImpl$$anonfun$6$$anonfun$apply$9 done
Event: 2875.001 loading class org/apache/spark/ui/jobs/JobProgressListener$$anonfun$onExecutorMetricsUpdate$2$$anonfun$40
Event: 2875.056 loading class org/apache/spark/ui/jobs/JobProgressListener$$anonfun$onExecutorMetricsUpdate$2$$anonfun$40 done
Event: 2875.510 Executing VM operation: GenCollectForAllocation


Dynamic libraries:
00400000-00401000 r-xp 00000000 ca:01 256949                             /usr/lib/jvm/java-8-openjdk-amd64/jre/bin/java
00600000-00601000 r--p 00000000 ca:01 256949                             /usr/lib/jvm/java-8-openjdk-amd64/jre/bin/java
00601000-00602000 rw-p 00001000 ca:01 256949                             /usr/lib/jvm/java-8-openjdk-amd64/jre/bin/java
025a4000-02663000 rw-p 00000000 00:00 0                                  [heap]
c0000000-ca9e0000 rw-p 00000000 00:00 0 
ca9e0000-d5550000 ---p 00000000 00:00 0 
d5550000-ea8f0000 rw-p 00000000 00:00 0 
eb8f1000-100000000 ---p 00000000 00:00 0 
100000000-100a56000 rw-p 00000000 00:00 0 
100a56000-140000000 ---p 00000000 00:00 0 
7f7c52ecc000-7f7c5304c000 rw-p 00000000 00:00 0 
7f7c5304c000-7f7c530cf000 ---p 00000000 00:00 0 
7f7c530cf000-7f7c531cd000 rw-p 00000000 00:00 0 
7f7c531cd000-7f7c531d0000 ---p 00000000 00:00 0 
7f7c531d0000-7f7c532ce000 rw-p 00000000 00:00 0 
7f7c532ce000-7f7c532d1000 ---p 00000000 00:00 0 
7f7c532d1000-7f7c533cf000 rw-p 00000000 00:00 0 
7f7c533cf000-7f7c533d2000 ---p 00000000 00:00 0 
7f7c533d2000-7f7c534d0000 rw-p 00000000 00:00 0 
7f7c534d0000-7f7c534d3000 ---p 00000000 00:00 0 
7f7c534d3000-7f7c535d1000 rw-p 00000000 00:00 0 
7f7c535d1000-7f7c535d4000 ---p 00000000 00:00 0 
7f7c535d4000-7f7c536d2000 rw-p 00000000 00:00 0 
7f7c536d2000-7f7c536d5000 ---p 00000000 00:00 0 
7f7c536d5000-7f7c537d3000 rw-p 00000000 00:00 0 
7f7c537d3000-7f7c537d6000 ---p 00000000 00:00 0 
7f7c537d6000-7f7c538d4000 rw-p 00000000 00:00 0 
7f7c538d4000-7f7c538d7000 ---p 00000000 00:00 0 
7f7c538d7000-7f7c539d5000 rw-p 00000000 00:00 0 
7f7c539d5000-7f7c539d8000 ---p 00000000 00:00 0 
7f7c539d8000-7f7c53ad6000 rw-p 00000000 00:00 0 
7f7c53ad6000-7f7c53ad9000 ---p 00000000 00:00 0 
7f7c53ad9000-7f7c53bd7000 rw-p 00000000 00:00 0 
7f7c53bd7000-7f7c53bda000 ---p 00000000 00:00 0 
7f7c53bda000-7f7c53cd8000 rw-p 00000000 00:00 0 
7f7c53cd8000-7f7c53cdb000 ---p 00000000 00:00 0 
7f7c53cdb000-7f7c53dd9000 rw-p 00000000 00:00 0 
7f7c53dd9000-7f7c53ddc000 ---p 00000000 00:00 0 
7f7c53ddc000-7f7c53eda000 rw-p 00000000 00:00 0 
7f7c53eda000-7f7c53edd000 ---p 00000000 00:00 0 
7f7c53edd000-7f7c53fdb000 rw-p 00000000 00:00 0 
7f7c53fdb000-7f7c53fde000 ---p 00000000 00:00 0 
7f7c53fde000-7f7c540dc000 rw-p 00000000 00:00 0 
7f7c540dc000-7f7c540df000 ---p 00000000 00:00 0 
7f7c540df000-7f7c541dd000 rw-p 00000000 00:00 0 
7f7c541dd000-7f7c541e0000 ---p 00000000 00:00 0 
7f7c541e0000-7f7c544de000 rw-p 00000000 00:00 0 
7f7c544de000-7f7c544e1000 ---p 00000000 00:00 0 
7f7c544e1000-7f7c545df000 rw-p 00000000 00:00 0 
7f7c545df000-7f7c545e2000 ---p 00000000 00:00 0 
7f7c545e2000-7f7c546e0000 rw-p 00000000 00:00 0 
7f7c546e0000-7f7c546e3000 ---p 00000000 00:00 0 
7f7c546e3000-7f7c547e1000 rw-p 00000000 00:00 0 
7f7c547e1000-7f7c547e4000 ---p 00000000 00:00 0 
7f7c547e4000-7f7c548e2000 rw-p 00000000 00:00 0 
7f7c548e2000-7f7c548e5000 ---p 00000000 00:00 0 
7f7c548e5000-7f7c54be3000 rw-p 00000000 00:00 0 
7f7c54be3000-7f7c54be6000 ---p 00000000 00:00 0 
7f7c54be6000-7f7c54ce4000 rw-p 00000000 00:00 0 
7f7c54ce4000-7f7c54ce7000 ---p 00000000 00:00 0 
7f7c54ce7000-7f7c54de5000 rw-p 00000000 00:00 0 
7f7c54de5000-7f7c54de8000 ---p 00000000 00:00 0 
7f7c54de8000-7f7c550e6000 rw-p 00000000 00:00 0 
7f7c550e6000-7f7c550e9000 ---p 00000000 00:00 0 
7f7c550e9000-7f7c553e7000 rw-p 00000000 00:00 0 
7f7c553e7000-7f7c555e7000 rw-p 00000000 00:00 0 
7f7c555e7000-7f7c557e7000 rw-p 00000000 00:00 0 
7f7c557e7000-7f7c559e7000 rw-p 00000000 00:00 0 
7f7c559e7000-7f7c559ea000 ---p 00000000 00:00 0 
7f7c559ea000-7f7c55ce8000 rw-p 00000000 00:00 0 
7f7c55ce8000-7f7c55ee8000 rw-p 00000000 00:00 0 
7f7c55ee8000-7f7c560e8000 rw-p 00000000 00:00 0 
7f7c560e8000-7f7c562e8000 rw-p 00000000 00:00 0 
7f7c562e8000-7f7c564e8000 rw-p 00000000 00:00 0 
7f7c564e8000-7f7c566e8000 rw-p 00000000 00:00 0 
7f7c566e8000-7f7c566eb000 ---p 00000000 00:00 0 
7f7c566eb000-7f7c567e9000 rw-p 00000000 00:00 0 
7f7c567e9000-7f7c567ec000 ---p 00000000 00:00 0 
7f7c567ec000-7f7c568ea000 rw-p 00000000 00:00 0 
7f7c568ea000-7f7c568ed000 ---p 00000000 00:00 0 
7f7c568ed000-7f7c569eb000 rw-p 00000000 00:00 0 
7f7c569eb000-7f7c569ee000 ---p 00000000 00:00 0 
7f7c569ee000-7f7c56aec000 rw-p 00000000 00:00 0 
7f7c56aec000-7f7c56aef000 ---p 00000000 00:00 0 
7f7c56aef000-7f7c56bed000 rw-p 00000000 00:00 0 
7f7c56bed000-7f7c56bf0000 ---p 00000000 00:00 0 
7f7c56bf0000-7f7c56eee000 rw-p 00000000 00:00 0 
7f7c56eee000-7f7c56ef1000 ---p 00000000 00:00 0 
7f7c56ef1000-7f7c56fef000 rw-p 00000000 00:00 0 
7f7c56fef000-7f7c56ff2000 ---p 00000000 00:00 0 
7f7c56ff2000-7f7c572f0000 rw-p 00000000 00:00 0 
7f7c572f0000-7f7c572fd000 r-xp 00000000 ca:01 16404                      /tmp/liblz4-java8579428722822304932.so
7f7c572fd000-7f7c574fc000 ---p 0000d000 ca:01 16404                      /tmp/liblz4-java8579428722822304932.so
7f7c574fc000-7f7c574fd000 rw-p 0000c000 ca:01 16404                      /tmp/liblz4-java8579428722822304932.so
7f7c574fd000-7f7c576fd000 rw-p 00000000 00:00 0 
7f7c576fd000-7f7c578fd000 rw-p 00000000 00:00 0 
7f7c578fd000-7f7c57900000 ---p 00000000 00:00 0 
7f7c57900000-7f7c57bfe000 rw-p 00000000 00:00 0 
7f7c57bfe000-7f7c57dfe000 rw-p 00000000 00:00 0 
7f7c57dfe000-7f7c57e01000 ---p 00000000 00:00 0 
7f7c57e01000-7f7c57eff000 rw-p 00000000 00:00 0 
7f7c57eff000-7f7c57f02000 ---p 00000000 00:00 0 
7f7c57f02000-7f7c58000000 rw-p 00000000 00:00 0 
7f7c58000000-7f7c580be000 rw-p 00000000 00:00 0 
7f7c580be000-7f7c5c000000 ---p 00000000 00:00 0 
7f7c5c0f2000-7f7c5c0f5000 ---p 00000000 00:00 0 
7f7c5c0f5000-7f7c5c3f3000 rw-p 00000000 00:00 0 
7f7c5c3f3000-7f7c5c3f6000 ---p 00000000 00:00 0 
7f7c5c3f6000-7f7c5c4f4000 rw-p 00000000 00:00 0 
7f7c5c4f4000-7f7c5c4f7000 ---p 00000000 00:00 0 
7f7c5c4f7000-7f7c5c5f5000 rw-p 00000000 00:00 0 
7f7c5c5f5000-7f7c5c5f8000 ---p 00000000 00:00 0 
7f7c5c5f8000-7f7c5c6f6000 rw-p 00000000 00:00 0 
7f7c5c6f6000-7f7c5c6f9000 ---p 00000000 00:00 0 
7f7c5c6f9000-7f7c5c7f7000 rw-p 00000000 00:00 0 
7f7c5c7f7000-7f7c5c7fa000 ---p 00000000 00:00 0 
7f7c5c7fa000-7f7c5c8f8000 rw-p 00000000 00:00 0 
7f7c5c8f8000-7f7c5c8fb000 ---p 00000000 00:00 0 
7f7c5c8fb000-7f7c5c9f9000 rw-p 00000000 00:00 0 
7f7c5c9f9000-7f7c5c9fc000 ---p 00000000 00:00 0 
7f7c5c9fc000-7f7c5cafa000 rw-p 00000000 00:00 0 
7f7c5cafa000-7f7c5cafd000 ---p 00000000 00:00 0 
7f7c5cafd000-7f7c5cbfb000 rw-p 00000000 00:00 0 
7f7c5cbfb000-7f7c5cbfe000 ---p 00000000 00:00 0 
7f7c5cbfe000-7f7c5ccfc000 rw-p 00000000 00:00 0 
7f7c5ccfc000-7f7c5ccff000 ---p 00000000 00:00 0 
7f7c5ccff000-7f7c5cdfd000 rw-p 00000000 00:00 0 
7f7c5cdfd000-7f7c5ce00000 ---p 00000000 00:00 0 
7f7c5ce00000-7f7c5cefe000 rw-p 00000000 00:00 0 
7f7c5cefe000-7f7c5cf01000 ---p 00000000 00:00 0 
7f7c5cf01000-7f7c60000000 rw-p 00000000 00:00 0 
7f7c60000000-7f7c63105000 rw-p 00000000 00:00 0 
7f7c63105000-7f7c64000000 ---p 00000000 00:00 0 
7f7c64000000-7f7c654c4000 rw-p 00000000 00:00 0 
7f7c654c4000-7f7c68000000 ---p 00000000 00:00 0 
7f7c68000000-7f7c68054000 rw-p 00000000 00:00 0 
7f7c68054000-7f7c6c000000 ---p 00000000 00:00 0 
7f7c6c000000-7f7c6c06c000 rw-p 00000000 00:00 0 
7f7c6c06c000-7f7c70000000 ---p 00000000 00:00 0 
7f7c70000000-7f7c700e6000 rw-p 00000000 00:00 0 
7f7c700e6000-7f7c74000000 ---p 00000000 00:00 0 
7f7c74066000-7f7c74069000 ---p 00000000 00:00 0 
7f7c74069000-7f7c74167000 rw-p 00000000 00:00 0 
7f7c74167000-7f7c7416a000 ---p 00000000 00:00 0 
7f7c7416a000-7f7c74468000 rw-p 00000000 00:00 0 
7f7c74468000-7f7c7446b000 ---p 00000000 00:00 0 
7f7c7446b000-7f7c74769000 rw-p 00000000 00:00 0 
7f7c74769000-7f7c7476c000 ---p 00000000 00:00 0 
7f7c7476c000-7f7c7486a000 rw-p 00000000 00:00 0 
7f7c7486a000-7f7c7486d000 ---p 00000000 00:00 0 
7f7c7486d000-7f7c7496b000 rw-p 00000000 00:00 0 
7f7c7496b000-7f7c7496e000 ---p 00000000 00:00 0 
7f7c7496e000-7f7c74a6c000 rw-p 00000000 00:00 0 
7f7c74a6c000-7f7c74a6f000 ---p 00000000 00:00 0 
7f7c74a6f000-7f7c74b6d000 rw-p 00000000 00:00 0 
7f7c74b6d000-7f7c74b70000 ---p 00000000 00:00 0 
7f7c74b70000-7f7c74c6e000 rw-p 00000000 00:00 0 
7f7c74c6e000-7f7c74c71000 ---p 00000000 00:00 0 
7f7c74c71000-7f7c74d6f000 rw-p 00000000 00:00 0 
7f7c74d6f000-7f7c74d72000 ---p 00000000 00:00 0 
7f7c74d72000-7f7c74e70000 rw-p 00000000 00:00 0 
7f7c74e70000-7f7c74e73000 ---p 00000000 00:00 0 
7f7c74e73000-7f7c74f71000 rw-p 00000000 00:00 0 
7f7c74f71000-7f7c74f74000 ---p 00000000 00:00 0 
7f7c74f74000-7f7c75072000 rw-p 00000000 00:00 0 
7f7c75072000-7f7c75083000 r-xp 00000000 ca:01 256909                     /usr/lib/jvm/java-8-openjdk-amd64/jre/lib/amd64/libnio.so
7f7c75083000-7f7c75283000 ---p 00011000 ca:01 256909                     /usr/lib/jvm/java-8-openjdk-amd64/jre/lib/amd64/libnio.so
7f7c75283000-7f7c75284000 r--p 00011000 ca:01 256909                     /usr/lib/jvm/java-8-openjdk-amd64/jre/lib/amd64/libnio.so
7f7c75284000-7f7c75285000 rw-p 00012000 ca:01 256909                     /usr/lib/jvm/java-8-openjdk-amd64/jre/lib/amd64/libnio.so
7f7c75285000-7f7c75485000 rw-p 00000000 00:00 0 
7f7c75485000-7f7c75498000 r--s 00346000 ca:01 256864                     /usr/lib/jvm/java-8-openjdk-amd64/jre/lib/resources.jar
7f7c75498000-7f7c7549b000 ---p 00000000 00:00 0 
7f7c7549b000-7f7c75799000 rw-p 00000000 00:00 0 
7f7c75799000-7f7c757b0000 r-xp 00000000 ca:01 1984                       /lib/x86_64-linux-gnu/libresolv-2.23.so
7f7c757b0000-7f7c759b0000 ---p 00017000 ca:01 1984                       /lib/x86_64-linux-gnu/libresolv-2.23.so
7f7c759b0000-7f7c759b1000 r--p 00017000 ca:01 1984                       /lib/x86_64-linux-gnu/libresolv-2.23.so
7f7c759b1000-7f7c759b2000 rw-p 00018000 ca:01 1984                       /lib/x86_64-linux-gnu/libresolv-2.23.so
7f7c759b2000-7f7c759b4000 rw-p 00000000 00:00 0 
7f7c759b4000-7f7c759b9000 r-xp 00000000 ca:01 1990                       /lib/x86_64-linux-gnu/libnss_dns-2.23.so
7f7c759b9000-7f7c75bb9000 ---p 00005000 ca:01 1990                       /lib/x86_64-linux-gnu/libnss_dns-2.23.so
7f7c75bb9000-7f7c75bba000 r--p 00005000 ca:01 1990                       /lib/x86_64-linux-gnu/libnss_dns-2.23.so
7f7c75bba000-7f7c75bbb000 rw-p 00006000 ca:01 1990                       /lib/x86_64-linux-gnu/libnss_dns-2.23.so
7f7c75bbc000-7f7c75bbe000 r--s 00016000 ca:01 256882                     /usr/lib/jvm/java-8-openjdk-amd64/jre/lib/jce.jar
7f7c75bbe000-7f7c75bc3000 r--s 0009d000 ca:01 256862                     /usr/lib/jvm/java-8-openjdk-amd64/jre/lib/jsse.jar
7f7c75bc3000-7f7c75bc4000 r-xp 00000000 ca:01 256908                     /usr/lib/jvm/java-8-openjdk-amd64/jre/lib/amd64/libjaas_unix.so
7f7c75bc4000-7f7c75dc3000 ---p 00001000 ca:01 256908                     /usr/lib/jvm/java-8-openjdk-amd64/jre/lib/amd64/libjaas_unix.so
7f7c75dc3000-7f7c75dc4000 r--p 00000000 ca:01 256908                     /usr/lib/jvm/java-8-openjdk-amd64/jre/lib/amd64/libjaas_unix.so
7f7c75dc4000-7f7c75dc5000 rw-p 00001000 ca:01 256908                     /usr/lib/jvm/java-8-openjdk-amd64/jre/lib/amd64/libjaas_unix.so
7f7c75dc5000-7f7c75dc8000 ---p 00000000 00:00 0 
7f7c75dc8000-7f7c75ec6000 rw-p 00000000 00:00 0 
7f7c75ec6000-7f7c75ec9000 ---p 00000000 00:00 0 
7f7c75ec9000-7f7c760ff000 rw-p 00000000 00:00 0 
7f7c760ff000-7f7c762ff000 rw-p 00000000 00:00 0 
7f7c762ff000-7f7c76308000 r-xp 00000000 ca:01 256894                     /usr/lib/jvm/java-8-openjdk-amd64/jre/lib/amd64/libmanagement.so
7f7c76308000-7f7c76507000 ---p 00009000 ca:01 256894                     /usr/lib/jvm/java-8-openjdk-amd64/jre/lib/amd64/libmanagement.so
7f7c76507000-7f7c76508000 r--p 00008000 ca:01 256894                     /usr/lib/jvm/java-8-openjdk-amd64/jre/lib/amd64/libmanagement.so
7f7c76508000-7f7c76509000 rw-p 00009000 ca:01 256894                     /usr/lib/jvm/java-8-openjdk-amd64/jre/lib/amd64/libmanagement.so
7f7c76509000-7f7c7650c000 ---p 00000000 00:00 0 
7f7c7650c000-7f7c7660a000 rw-p 00000000 00:00 0 
7f7c7660a000-7f7c7660d000 ---p 00000000 00:00 0 
7f7c7660d000-7f7c7670b000 rw-p 00000000 00:00 0 
7f7c7670b000-7f7c7670e000 ---p 00000000 00:00 0 
7f7c7670e000-7f7c76a0c000 rw-p 00000000 00:00 0 
7f7c76a0c000-7f7c76a23000 r-xp 00000000 ca:01 256888                     /usr/lib/jvm/java-8-openjdk-amd64/jre/lib/amd64/libnet.so
7f7c76a23000-7f7c76c22000 ---p 00017000 ca:01 256888                     /usr/lib/jvm/java-8-openjdk-amd64/jre/lib/amd64/libnet.so
7f7c76c22000-7f7c76c23000 r--p 00016000 ca:01 256888                     /usr/lib/jvm/java-8-openjdk-amd64/jre/lib/amd64/libnet.so
7f7c76c23000-7f7c76c24000 rw-p 00017000 ca:01 256888                     /usr/lib/jvm/java-8-openjdk-amd64/jre/lib/amd64/libnet.so
7f7c76c24000-7f7c76c27000 r--s 00015000 ca:01 261533                     /home/ubuntu/spark-2.1.1-bin-hadoop2.7/jars/javax.servlet-api-3.1.0.jar
7f7c76c27000-7f7c76c53000 r--s 001c9000 ca:01 261798                     /home/ubuntu/spark-2.1.1-bin-hadoop2.7/jars/shapeless_2.11-2.0.0.jar
7f7c76c53000-7f7c76c5e000 r--s 000b0000 ca:01 261731                     /home/ubuntu/spark-2.1.1-bin-hadoop2.7/jars/jtransforms-2.4.0.jar
7f7c76c5e000-7f7c76c64000 r--s 00043000 ca:01 261858                     /home/ubuntu/spark-2.1.1-bin-hadoop2.7/jars/commons-configuration-1.6.jar
7f7c76c64000-7f7c76c68000 r--s 00019000 ca:01 261784                     /home/ubuntu/spark-2.1.1-bin-hadoop2.7/jars/javax.ws.rs-api-2.0.1.jar
7f7c76c68000-7f7c76c6a000 r--s 00009000 ca:01 261839                     /home/ubuntu/spark-2.1.1-bin-hadoop2.7/jars/commons-cli-1.2.jar
7f7c76c6a000-7f7c76c74000 r--s 00095000 ca:01 261728                     /home/ubuntu/spark-2.1.1-bin-hadoop2.7/jars/scala-xml_2.11-1.0.2.jar
7f7c76c74000-7f7c76c79000 r--s 00031000 ca:01 261744                     /home/ubuntu/spark-2.1.1-bin-hadoop2.7/jars/parquet-hadoop-1.8.1.jar
7f7c76c79000-7f7c76c7d000 r--s 00020000 ca:01 261720                     /home/ubuntu/spark-2.1.1-bin-hadoop2.7/jars/commons-digester-1.8.jar
7f7c76c7d000-7f7c76c7f000 r--s 00027000 ca:01 261790                     /home/ubuntu/spark-2.1.1-bin-hadoop2.7/jars/core-1.1.2.jar
7f7c76c7f000-7f7c76c96000 r--s 00183000 ca:01 261753                     /home/ubuntu/spark-2.1.1-bin-hadoop2.7/jars/hadoop-yarn-common-2.7.3.jar
7f7c76c96000-7f7c76c97000 r--s 00004000 ca:01 261711                     /home/ubuntu/spark-2.1.1-bin-hadoop2.7/jars/eigenbase-properties-1.1.5.jar
7f7c76c97000-7f7c76c9d000 r--s 00044000 ca:01 261763                     /home/ubuntu/spark-2.1.1-bin-hadoop2.7/jars/antlr4-runtime-4.5.3.jar
7f7c76c9d000-7f7c76c9f000 r--s 0000b000 ca:01 261840                     /home/ubuntu/spark-2.1.1-bin-hadoop2.7/jars/chill-java-0.8.0.jar
7f7c76c9f000-7f7c76ca9000 r--s 00086000 ca:01 261718                     /home/ubuntu/spark-2.1.1-bin-hadoop2.7/jars/json4s-core_2.11-3.2.11.jar
7f7c76ca9000-7f7c76cab000 r--s 0000f000 ca:01 261566                     /home/ubuntu/spark-2.1.1-bin-hadoop2.7/jars/activation-1.1.1.jar
7f7c76cab000-7f7c76caf000 r--s 00031000 ca:01 261583                     /home/ubuntu/spark-2.1.1-bin-hadoop2.7/jars/jline-2.12.1.jar
7f7c76caf000-7f7c76cb5000 r--s 00028000 ca:01 261745                     /home/ubuntu/spark-2.1.1-bin-hadoop2.7/jars/curator-framework-2.6.0.jar
7f7c76cb5000-7f7c76cc2000 r--s 000b1000 ca:01 261545                     /home/ubuntu/spark-2.1.1-bin-hadoop2.7/jars/hadoop-mapreduce-client-common-2.7.3.jar
7f7c76cc2000-7f7c76cc4000 r--s 00009000 ca:01 261758                     /home/ubuntu/spark-2.1.1-bin-hadoop2.7/jars/jackson-module-paranamer-2.6.5.jar
7f7c76cc4000-7f7c76cc5000 r--s 00009000 ca:01 261845                     /home/ubuntu/spark-2.1.1-bin-hadoop2.7/jars/slf4j-api-1.7.16.jar
7f7c76cc5000-7f7c76cc6000 r--s 00004000 ca:01 261710                     /home/ubuntu/spark-2.1.1-bin-hadoop2.7/jars/jackson-jaxrs-1.9.13.jar
7f7c76cc6000-7f7c76cc8000 r--s 00012000 ca:01 261803                     /home/ubuntu/spark-2.1.1-bin-hadoop2.7/jars/api-util-1.0.0-M20.jar
7f7c76cc8000-7f7c76cd0000 r--s 00066000 ca:01 261732                     /home/ubuntu/spark-2.1.1-bin-hadoop2.7/jars/apache-log4j-extras-1.2.17.jar
7f7c76cd0000-7f7c76cd2000 r--s 00004000 ca:01 261587                     /home/ubuntu/spark-2.1.1-bin-hadoop2.7/jars/stax-api-1.0-2.jar
7f7c76cd2000-7f7c76ce0000 r--s 00078000 ca:01 261756                     /home/ubuntu/spark-2.1.1-bin-hadoop2.7/jars/spark-mesos_2.11-2.1.1.jar
7f7c76ce0000-7f7c76d0e000 r--s 00212000 ca:01 261712                     /home/ubuntu/spark-2.1.1-bin-hadoop2.7/jars/spark-network-common_2.11-2.1.1.jar
7f7c76d0e000-7f7c76d16000 r--s 0006e000 ca:01 261765                     /home/ubuntu/spark-2.1.1-bin-hadoop2.7/jars/commons-lang3-3.5.jar
7f7c76d16000-7f7c76d17000 r--s 00009000 ca:01 261830                     /home/ubuntu/spark-2.1.1-bin-hadoop2.7/jars/hive-cli-1.2.1.spark2.jar
7f7c76d17000-7f7c76d2d000 r--s 001a4000 ca:01 261613                     /home/ubuntu/spark-2.1.1-bin-hadoop2.7/jars/datanucleus-rdbms-3.2.9.jar
7f7c76d2d000-7f7c76d3e000 r--s 0010d000 ca:01 261714                     /home/ubuntu/spark-2.1.1-bin-hadoop2.7/jars/jackson-databind-2.6.5.jar
7f7c76d3e000-7f7c76d40000 r--s 0000a000 ca:01 261612                     /home/ubuntu/spark-2.1.1-bin-hadoop2.7/jars/spark-unsafe_2.11-2.1.1.jar
7f7c76d40000-7f7c76d64000 r--s 001cd000 ca:01 261855                     /home/ubuntu/spark-2.1.1-bin-hadoop2.7/jars/commons-math3-3.4.1.jar
7f7c76d64000-7f7c76d68000 r--s 0002a000 ca:01 261747                     /home/ubuntu/spark-2.1.1-bin-hadoop2.7/jars/commons-io-2.4.jar
7f7c76d68000-7f7c76d70000 r--s 00059000 ca:01 261611                     /home/ubuntu/spark-2.1.1-bin-hadoop2.7/jars/javolution-5.5.1.jar
7f7c76d70000-7f7c76d71000 r--s 00003000 ca:01 261568                     /home/ubuntu/spark-2.1.1-bin-hadoop2.7/jars/jta-1.1.jar
7f7c76d71000-7f7c76d74000 r--s 00009000 ca:01 261751                     /home/ubuntu/spark-2.1.1-bin-hadoop2.7/jars/jackson-annotations-2.6.5.jar
7f7c76d74000-7f7c76de8000 r--s 00574000 ca:01 261739                     /home/ubuntu/spark-2.1.1-bin-hadoop2.7/jars/spark-mllib_2.11-2.1.1.jar
7f7c76de8000-7f7c76e03000 r--s 001d8000 ca:01 261572                     /home/ubuntu/spark-2.1.1-bin-hadoop2.7/jars/jets3t-0.9.3.jar
7f7c76e03000-7f7c76e8e000 r--s 0069e000 ca:01 261713                     /home/ubuntu/spark-2.1.1-bin-hadoop2.7/jars/spark-catalyst_2.11-2.1.1.jar
7f7c76e8e000-7f7c76e93000 r--s 0002a000 ca:01 261576                     /home/ubuntu/spark-2.1.1-bin-hadoop2.7/jars/commons-beanutils-1.7.0.jar
7f7c76e93000-7f7c76e95000 r--s 00006000 ca:01 261588                     /home/ubuntu/spark-2.1.1-bin-hadoop2.7/jars/paranamer-2.3.jar
7f7c76e95000-7f7c76e99000 r--s 0002c000 ca:01 261748                     /home/ubuntu/spark-2.1.1-bin-hadoop2.7/jars/avro-ipc-1.7.7.jar
7f7c76e99000-7f7c76e9a000 r--s 00003000 ca:01 261594                     /home/ubuntu/spark-2.1.1-bin-hadoop2.7/jars/xmlenc-0.52.jar
7f7c76e9a000-7f7c76eb7000 r--s 001d5000 ca:01 261860                     /home/ubuntu/spark-2.1.1-bin-hadoop2.7/jars/hadoop-yarn-api-2.7.3.jar
7f7c76eb7000-7f7c76eb8000 r--s 00004000 ca:01 261716                     /home/ubuntu/spark-2.1.1-bin-hadoop2.7/jars/opencsv-2.3.jar
7f7c76eb8000-7f7c76ebc000 r--s 00014000 ca:01 261856                     /home/ubuntu/spark-2.1.1-bin-hadoop2.7/jars/xz-1.0.jar
7f7c76ebc000-7f7c76ebf000 r--s 000fd000 ca:01 261604                     /home/ubuntu/spark-2.1.1-bin-hadoop2.7/jars/leveldbjni-all-1.8.jar
7f7c76ebf000-7f7c76ec5000 r--s 00063000 ca:01 261849                     /home/ubuntu/spark-2.1.1-bin-hadoop2.7/jars/jodd-core-3.5.2.jar
7f7c76ec5000-7f7c76ec9000 r--s 00030000 ca:01 261532                     /home/ubuntu/spark-2.1.1-bin-hadoop2.7/jars/commons-net-2.2.jar
7f7c76ec9000-7f7c76ecd000 r--s 00028000 ca:01 261608                     /home/ubuntu/spark-2.1.1-bin-hadoop2.7/jars/spark-mllib-local_2.11-2.1.1.jar
7f7c76ecd000-7f7c76ed4000 r--s 0007d000 ca:01 261722                     /home/ubuntu/spark-2.1.1-bin-hadoop2.7/jars/jetty-6.1.26.jar
7f7c76ed4000-7f7c76ed7000 r--s 0002f000 ca:01 261546                     /home/ubuntu/spark-2.1.1-bin-hadoop2.7/jars/RoaringBitmap-0.5.11.jar
7f7c76ed7000-7f7c76ed8000 r--s 00004000 ca:01 261866                     /home/ubuntu/spark-2.1.1-bin-hadoop2.7/jars/osgi-resource-locator-1.0.1.jar
7f7c76ed8000-7f7c76ef9000 r--s 0019b000 ca:01 261796                     /home/ubuntu/spark-2.1.1-bin-hadoop2.7/jars/spark-hive-thriftserver_2.11-2.1.1.jar
7f7c76ef9000-7f7c76efe000 r--s 00041000 ca:01 261740                     /home/ubuntu/spark-2.1.1-bin-hadoop2.7/jars/commons-lang-2.6.jar
7f7c76efe000-7f7c76f00000 r--s 00020000 ca:01 261749                     /home/ubuntu/spark-2.1.1-bin-hadoop2.7/jars/hive-beeline-1.2.1.spark2.jar
7f7c76f00000-7f7c76f07000 r--s 00049000 ca:01 261736                     /home/ubuntu/spark-2.1.1-bin-hadoop2.7/jars/httpcore-4.4.4.jar
7f7c76f07000-7f7c76f09000 r--s 00014000 ca:01 261717                     /home/ubuntu/spark-2.1.1-bin-hadoop2.7/jars/spire-macros_2.11-0.7.4.jar
7f7c76f09000-7f7c76f0a000 r--s 00001000 ca:01 261621                     /home/ubuntu/spark-2.1.1-bin-hadoop2.7/jars/pmml-schema-1.2.15.jar
7f7c76f0a000-7f7c76f0e000 r--s 00028000 ca:01 261573                     /home/ubuntu/spark-2.1.1-bin-hadoop2.7/jars/jetty-util-6.1.26.jar
7f7c76f0e000-7f7c76f11000 r--s 00006000 ca:01 261721                     /home/ubuntu/spark-2.1.1-bin-hadoop2.7/jars/jsr305-1.3.9.jar
7f7c76f11000-7f7c76f18000 r--s 0005d000 ca:01 261793                     /home/ubuntu/spark-2.1.1-bin-hadoop2.7/jars/mx4j-3.0.2.jar
7f7c76f18000-7f7c76f1a000 r--s 0000e000 ca:01 261821                     /home/ubuntu/spark-2.1.1-bin-hadoop2.7/jars/guice-servlet-3.0.jar
7f7c76f1a000-7f7c76f22000 r--s 0007b000 ca:01 261737                     /home/ubuntu/spark-2.1.1-bin-hadoop2.7/jars/protobuf-java-2.5.0.jar
7f7c76f22000-7f7c76f2b000 r--s 00062000 ca:01 261580                     /home/ubuntu/spark-2.1.1-bin-hadoop2.7/jars/avro-1.7.7.jar
7f7c76f2b000-7f7c76f2d000 r--s 00003000 ca:01 261733                     /home/ubuntu/spark-2.1.1-bin-hadoop2.7/jars/jcl-over-slf4j-1.7.16.jar
7f7c76f2d000-7f7c76ffd000 r--s 00cf0000 ca:01 261540                     /home/ubuntu/spark-2.1.1-bin-hadoop2.7/jars/breeze_2.11-0.12.jar
7f7c76ffd000-7f7c76ffe000 r--s 00002000 ca:01 261619                     /home/ubuntu/spark-2.1.1-bin-hadoop2.7/jars/slf4j-log4j12-1.7.16.jar
7f7c76ffe000-7f7c77000000 r--s 00006000 ca:01 261578                     /home/ubuntu/spark-2.1.1-bin-hadoop2.7/jars/spark-sketch_2.11-2.1.1.jar
7f7c77000000-7f7c77005000 r--s 00068000 ca:01 261791                     /home/ubuntu/spark-2.1.1-bin-hadoop2.7/jars/antlr-2.7.7.jar
7f7c77005000-7f7c77007000 r--s 00000000 ca:01 261759                     /home/ubuntu/spark-2.1.1-bin-hadoop2.7/jars/aopalliance-1.0.jar
7f7c77007000-7f7c77009000 r--s 00012000 ca:01 261730                     /home/ubuntu/spark-2.1.1-bin-hadoop2.7/jars/compress-lzf-1.0.3.jar
7f7c77009000-7f7c77016000 r--s 0009e000 ca:01 261822                     /home/ubuntu/spark-2.1.1-bin-hadoop2.7/jars/spark-graphx_2.11-2.1.1.jar
7f7c77016000-7f7c7701b000 r--s 00028000 ca:01 261841                     /home/ubuntu/spark-2.1.1-bin-hadoop2.7/jars/avro-mapred-1.7.7-hadoop2.jar
7f7c7701b000-7f7c77031000 r--s 00124000 ca:01 261833                     /home/ubuntu/spark-2.1.1-bin-hadoop2.7/jars/ivy-2.4.0.jar
7f7c77031000-7f7c77039000 r--s 00078000 ca:01 261805                     /home/ubuntu/spark-2.1.1-bin-hadoop2.7/jars/mail-1.4.7.jar
7f7c77039000-7f7c7703e000 r--s 0004e000 ca:01 261582                     /home/ubuntu/spark-2.1.1-bin-hadoop2.7/jars/datanucleus-api-jdo-3.2.6.jar
7f7c7703e000-7f7c77116000 r--s 00a88000 ca:01 261543                     /home/ubuntu/spark-2.1.1-bin-hadoop2.7/jars/spark-core_2.11-2.1.1.jar
7f7c77116000-7f7c7712e000 r--s 001b6000 ca:01 261569                     /home/ubuntu/spark-2.1.1-bin-hadoop2.7/jars/datanucleus-core-3.2.10.jar
7f7c7712e000-7f7c77142000 r--s 000ec000 ca:01 261539                     /home/ubuntu/spark-2.1.1-bin-hadoop2.7/jars/parquet-jackson-1.8.1.jar
7f7c77142000-7f7c77144000 r--s 0000e000 ca:01 261785                     /home/ubuntu/spark-2.1.1-bin-hadoop2.7/jars/hadoop-mapreduce-client-jobclient-2.7.3.jar
7f7c77144000-7f7c77146000 r--s 0000e000 ca:01 261536                     /home/ubuntu/spark-2.1.1-bin-hadoop2.7/jars/oro-2.0.8.jar
7f7c77146000-7f7c77148000 r--s 00003000 ca:01 261826                     /home/ubuntu/spark-2.1.1-bin-hadoop2.7/jars/JavaEWAH-0.3.2.jar
7f7c77148000-7f7c7714a000 r--s 0000f000 ca:01 261757                     /home/ubuntu/spark-2.1.1-bin-hadoop2.7/jars/spark-launcher_2.11-2.1.1.jar
7f7c7714a000-7f7c7716c000 r--s 00335000 ca:01 261750                     /home/ubuntu/spark-2.1.1-bin-hadoop2.7/jars/mesos-1.0.0-shaded-protobuf.jar
7f7c7716c000-7f7c7716d000 r--s 00001000 ca:01 261610                     /home/ubuntu/spark-2.1.1-bin-hadoop2.7/jars/minlog-1.3.0.jar
7f7c7716d000-7f7c77170000 r--s 0001a000 ca:01 261834                     /home/ubuntu/spark-2.1.1-bin-hadoop2.7/jars/py4j-0.10.4.jar
7f7c77170000-7f7c77171000 r--s 00009000 ca:01 261601                     /home/ubuntu/spark-2.1.1-bin-hadoop2.7/jars/json4s-jackson_2.11-3.2.11.jar
7f7c77171000-7f7c77173000 r--s 0000d000 ca:01 261725                     /home/ubuntu/spark-2.1.1-bin-hadoop2.7/jars/hadoop-yarn-server-web-proxy-2.7.3.jar
7f7c77173000-7f7c771d6000 r--s 004de000 ca:01 261719                     /home/ubuntu/spark-2.1.1-bin-hadoop2.7/jars/hive-metastore-1.2.1.spark2.jar
7f7c771d6000-7f7c771dd000 r--s 00039000 ca:01 261727                     /home/ubuntu/spark-2.1.1-bin-hadoop2.7/jars/calcite-avatica-1.2.0-incubating.jar
7f7c771dd000-7f7c771e4000 r--s 0003f000 ca:01 261603                     /home/ubuntu/spark-2.1.1-bin-hadoop2.7/jars/commons-codec-1.10.jar
7f7c771e4000-7f7c771e6000 r--s 00100000 ca:01 261842                     /home/ubuntu/spark-2.1.1-bin-hadoop2.7/jars/snappy-java-1.1.2.6.jar
7f7c771e6000-7f7c771ea000 r--s 00029000 ca:01 261591                     /home/ubuntu/spark-2.1.1-bin-hadoop2.7/jars/hk2-locator-2.4.0-b34.jar
7f7c771ea000-7f7c771ed000 r--s 0000d000 ca:01 261742                     /home/ubuntu/spark-2.1.1-bin-hadoop2.7/jars/spark-network-shuffle_2.11-2.1.1.jar
7f7c771ed000-7f7c771ee000 r--s 00006000 ca:01 261788                     /home/ubuntu/spark-2.1.1-bin-hadoop2.7/jars/jackson-xc-1.9.13.jar
7f7c771ee000-7f7c77204000 r--s 000d1000 ca:01 261585                     /home/ubuntu/spark-2.1.1-bin-hadoop2.7/jars/parquet-column-1.8.1.jar
7f7c77204000-7f7c77229000 rw-p 00000000 00:00 0 
7f7c77229000-7f7c77335000 r--s 00dba000 ca:01 261859                     /home/ubuntu/spark-2.1.1-bin-hadoop2.7/jars/scala-compiler-2.11.8.jar
7f7c77335000-7f7c77336000 r--s 00002000 ca:01 261764                     /home/ubuntu/spark-2.1.1-bin-hadoop2.7/jars/jpam-1.1.jar
7f7c77336000-7f7c77345000 r--s 0009f000 ca:01 261734                     /home/ubuntu/spark-2.1.1-bin-hadoop2.7/jars/guice-3.0.jar
7f7c77345000-7f7c7735e000 r--s 00150000 ca:01 261626                     /home/ubuntu/spark-2.1.1-bin-hadoop2.7/jars/htrace-core-3.1.0-incubating.jar
7f7c7735e000-7f7c77374000 r--s 000d3000 ca:01 261625                     /home/ubuntu/spark-2.1.1-bin-hadoop2.7/jars/jersey-server-2.22.2.jar
7f7c77374000-7f7c77376000 r--s 00008000 ca:01 261581                     /home/ubuntu/spark-2.1.1-bin-hadoop2.7/jars/parquet-common-1.8.1.jar
7f7c77376000-7f7c77378000 r--s 00002000 ca:01 261606                     /home/ubuntu/spark-2.1.1-bin-hadoop2.7/jars/aopalliance-repackaged-2.4.0-b34.jar
7f7c77378000-7f7c7737c000 r--s 0003c000 ca:01 261854                     /home/ubuntu/spark-2.1.1-bin-hadoop2.7/jars/jackson-core-2.6.5.jar
7f7c7737c000-7f7c77387000 r--s 00062000 ca:01 261729                     /home/ubuntu/spark-2.1.1-bin-hadoop2.7/jars/calcite-linq4j-1.2.0-incubating.jar
7f7c77387000-7f7c773bd000 r--s 0031c000 ca:01 261565                     /home/ubuntu/spark-2.1.1-bin-hadoop2.7/jars/hadoop-common-2.7.3.jar
7f7c773bd000-7f7c773c1000 r--s 0001a000 ca:01 261579                     /home/ubuntu/spark-2.1.1-bin-hadoop2.7/jars/hk2-utils-2.4.0-b34.jar
7f7c773c1000-7f7c773cd000 r--s 000b6000 ca:01 261831                     /home/ubuntu/spark-2.1.1-bin-hadoop2.7/jars/zookeeper-3.4.6.jar
7f7c773cd000-7f7c773d3000 r--s 00040000 ca:01 261709                     /home/ubuntu/spark-2.1.1-bin-hadoop2.7/jars/parquet-encoding-1.8.1.jar
7f7c773d3000-7f7c773d8000 r--s 00036000 ca:01 261574                     /home/ubuntu/spark-2.1.1-bin-hadoop2.7/jars/commons-compress-1.4.1.jar
7f7c773d8000-7f7c77405000 r--s 001d4000 ca:01 261863                     /home/ubuntu/spark-2.1.1-bin-hadoop2.7/jars/spark-streaming_2.11-2.1.1.jar
7f7c77405000-7f7c77408000 r--s 00022000 ca:01 261806                     /home/ubuntu/spark-2.1.1-bin-hadoop2.7/jars/stringtemplate-3.2.1.jar
7f7c77408000-7f7c7740f000 r--s 00036000 ca:01 261624                     /home/ubuntu/spark-2.1.1-bin-hadoop2.7/jars/curator-recipes-2.6.0.jar
7f7c7740f000-7f7c77413000 r--s 00029000 ca:01 261548                     /home/ubuntu/spark-2.1.1-bin-hadoop2.7/jars/breeze-macros_2.11-0.12.jar
7f7c77413000-7f7c77417000 r--s 00036000 ca:01 261851                     /home/ubuntu/spark-2.1.1-bin-hadoop2.7/jars/ST4-4.0.4.jar
7f7c77417000-7f7c7741b000 r--s 00018000 ca:01 261584                     /home/ubuntu/spark-2.1.1-bin-hadoop2.7/jars/metrics-core-3.1.2.jar
7f7c7741b000-7f7c77429000 r--s 000b1000 ca:01 261754                     /home/ubuntu/spark-2.1.1-bin-hadoop2.7/jars/jackson-mapper-asl-1.9.13.jar
7f7c77429000-7f7c77439000 r--s 000a0000 ca:01 261599                     /home/ubuntu/spark-2.1.1-bin-hadoop2.7/jars/spark-yarn_2.11-2.1.1.jar
7f7c77439000-7f7c7743a000 r--s 00003000 ca:01 261590                     /home/ubuntu/spark-2.1.1-bin-hadoop2.7/jars/spark-tags_2.11-2.1.1.jar
7f7c7743a000-7f7c7744c000 r--s 00097000 ca:01 261804                     /home/ubuntu/spark-2.1.1-bin-hadoop2.7/jars/apacheds-kerberos-codec-2.0.0-M15.jar
7f7c7744c000-7f7c7744f000 r--s 00017000 ca:01 261800                     /home/ubuntu/spark-2.1.1-bin-hadoop2.7/jars/jaxb-api-2.2.2.jar
7f7c7744f000-7f7c77451000 r--s 00009000 ca:01 261848                     /home/ubuntu/spark-2.1.1-bin-hadoop2.7/jars/objenesis-2.1.jar
7f7c77451000-7f7c774bc000 r--s 00784000 ca:01 261535                     /home/ubuntu/spark-2.1.1-bin-hadoop2.7/jars/hadoop-hdfs-2.7.3.jar
7f7c774bc000-7f7c774be000 r--s 00010000 ca:01 261752                     /home/ubuntu/spark-2.1.1-bin-hadoop2.7/jars/jersey-media-jaxb-2.22.2.jar
7f7c774be000-7f7c774cb000 r--s 00083000 ca:01 261598                     /home/ubuntu/spark-2.1.1-bin-hadoop2.7/jars/commons-collections-3.2.2.jar
7f7c774cb000-7f7c774d2000 r--s 00051000 ca:01 261542                     /home/ubuntu/spark-2.1.1-bin-hadoop2.7/jars/kryo-shaded-3.0.3.jar
7f7c774d2000-7f7c77509000 r--s 00325000 ca:01 261802                     /home/ubuntu/spark-2.1.1-bin-hadoop2.7/jars/calcite-core-1.2.0-incubating.jar
7f7c77509000-7f7c7750c000 r--s 00012000 ca:01 261602                     /home/ubuntu/spark-2.1.1-bin-hadoop2.7/jars/json4s-ast_2.11-3.2.11.jar
7f7c7750c000-7f7c7750e000 r--s 0000e000 ca:01 261794                     /home/ubuntu/spark-2.1.1-bin-hadoop2.7/jars/commons-logging-1.1.3.jar
7f7c7750e000-7f7c775b7000 r--s 00a4f000 ca:01 261801                     /home/ubuntu/spark-2.1.1-bin-hadoop2.7/jars/hive-exec-1.2.1.spark2.jar
7f7c775b7000-7f7c775b8000 r--s 0000b000 ca:01 261631                     /home/ubuntu/spark-2.1.1-bin-hadoop2.7/jars/snappy-0.2.jar
7f7c775b8000-7f7c775bb000 r--s 00028000 ca:01 261541                     /home/ubuntu/spark-2.1.1-bin-hadoop2.7/jars/stream-2.7.0.jar
7f7c775bb000-7f7c775ef000 r--s 00277000 ca:01 261592                     /home/ubuntu/spark-2.1.1-bin-hadoop2.7/jars/parquet-hadoop-bundle-1.6.0.jar
7f7c775ef000-7f7c775f3000 r--s 0000c000 ca:01 261617                     /home/ubuntu/spark-2.1.1-bin-hadoop2.7/jars/validation-api-1.1.0.Final.jar
7f7c775f3000-7f7c7761c000 r--s 001ee000 ca:01 261862                     /home/ubuntu/spark-2.1.1-bin-hadoop2.7/jars/guava-14.0.1.jar
7f7c7761c000-7f7c77629000 r--s 00071000 ca:01 261832                     /home/ubuntu/spark-2.1.1-bin-hadoop2.7/jars/jackson-module-scala_2.11-2.6.5.jar
7f7c77629000-7f7c77642000 r--s 00114000 ca:01 261577                     /home/ubuntu/spark-2.1.1-bin-hadoop2.7/jars/spark-hive_2.11-2.1.1.jar
7f7c77642000-7f7c7765a000 r--s 00115000 ca:01 261824                     /home/ubuntu/spark-2.1.1-bin-hadoop2.7/jars/netty-3.8.0.Final.jar
7f7c7765a000-7f7c776b3000 r--s 00522000 ca:01 261865                     /home/ubuntu/spark-2.1.1-bin-hadoop2.7/jars/scala-library-2.11.8.jar
7f7c776b3000-7f7c776ba000 r--s 00049000 ca:01 261852                     /home/ubuntu/spark-2.1.1-bin-hadoop2.7/jars/univocity-parsers-2.2.1.jar
7f7c776ba000-7f7c77706000 r--s 00411000 ca:01 261857                     /home/ubuntu/spark-2.1.1-bin-hadoop2.7/jars/scala-reflect-2.11.8.jar
7f7c77706000-7f7c77714000 r--s 0009d000 ca:01 261614                     /home/ubuntu/spark-2.1.1-bin-hadoop2.7/jars/jersey-common-2.22.2.jar
7f7c77714000-7f7c7771e000 r--s 000aa000 ca:01 261762                     /home/ubuntu/spark-2.1.1-bin-hadoop2.7/jars/janino-3.0.0.jar
7f7c7771e000-7f7c7771f000 r--s 00008000 ca:01 261844                     /home/ubuntu/spark-2.1.1-bin-hadoop2.7/jars/commons-compiler-3.0.0.jar
7f7c7771f000-7f7c77728000 r--s 00097000 ca:01 261837                     /home/ubuntu/spark-2.1.1-bin-hadoop2.7/jars/pmml-model-1.2.15.jar
7f7c77728000-7f7c7772a000 r--s 00005000 ca:01 261741                     /home/ubuntu/spark-2.1.1-bin-hadoop2.7/jars/stax-api-1.0.1.jar
7f7c7772a000-7f7c7772e000 r--s 00035000 ca:01 261597                     /home/ubuntu/spark-2.1.1-bin-hadoop2.7/jars/jackson-core-asl-1.9.13.jar
7f7c7772e000-7f7c77731000 r--s 00019000 ca:01 261530                     /home/ubuntu/spark-2.1.1-bin-hadoop2.7/jars/bonecp-0.8.0.RELEASE.jar
7f7c77731000-7f7c77733000 r--s 00038000 ca:01 261789                     /home/ubuntu/spark-2.1.1-bin-hadoop2.7/jars/lz4-1.3.0.jar
7f7c77733000-7f7c7774c000 r--s 00164000 ca:01 261738                     /home/ubuntu/spark-2.1.1-bin-hadoop2.7/jars/hadoop-mapreduce-client-core-2.7.3.jar
7f7c7774c000-7f7c7774f000 r--s 00026000 ca:01 261792                     /home/ubuntu/spark-2.1.1-bin-hadoop2.7/jars/hadoop-yarn-client-2.7.3.jar
7f7c7774f000-7f7c77751000 r--s 00017000 ca:01 261607                     /home/ubuntu/spark-2.1.1-bin-hadoop2.7/jars/hive-jdbc-1.2.1.spark2.jar
7f7c77751000-7f7c777d2000 r--s 005d9000 ca:01 261746                     /home/ubuntu/spark-2.1.1-bin-hadoop2.7/jars/spark-sql_2.11-2.1.1.jar
7f7c777d2000-7f7c777d3000 r--s 00006000 ca:01 261755                     /home/ubuntu/spark-2.1.1-bin-hadoop2.7/jars/hadoop-client-2.7.3.jar
7f7c777d3000-7f7c777da000 r--s 00058000 ca:01 261609                     /home/ubuntu/spark-2.1.1-bin-hadoop2.7/jars/hadoop-yarn-server-common-2.7.3.jar
7f7c777da000-7f7c777db000 r--s 0000a000 ca:01 261616                     /home/ubuntu/spark-2.1.1-bin-hadoop2.7/jars/apacheds-i18n-2.0.0-M15.jar
7f7c777db000-7f7c777e1000 r--s 00045000 ca:01 261605                     /home/ubuntu/spark-2.1.1-bin-hadoop2.7/jars/commons-httpclient-3.1.jar
7f7c777e1000-7f7c777ee000 r--s 000a7000 ca:01 261627                     /home/ubuntu/spark-2.1.1-bin-hadoop2.7/jars/httpclient-4.5.2.jar
7f7c777ee000-7f7c777f3000 r--s 0002a000 ca:01 261735                     /home/ubuntu/spark-2.1.1-bin-hadoop2.7/jars/gson-2.2.4.jar
7f7c777f3000-7f7c77833000 r--s 00277000 ca:01 261767                     /home/ubuntu/spark-2.1.1-bin-hadoop2.7/jars/bcprov-jdk15on-1.51.jar
7f7c77833000-7f7c77862000 r--s 002e5000 ca:01 261846                     /home/ubuntu/spark-2.1.1-bin-hadoop2.7/jars/derby-10.12.1.1.jar
7f7c77862000-7f7c77863000 ---p 00000000 00:00 0 
7f7c77863000-7f7c77963000 rw-p 00000000 00:00 0 
7f7c77963000-7f7c77966000 ---p 00000000 00:00 0 
7f7c77966000-7f7c77a64000 rw-p 00000000 00:00 0 
7f7c77a64000-7f7c77a67000 ---p 00000000 00:00 0 
7f7c77a67000-7f7c77b65000 rw-p 00000000 00:00 0 
7f7c77b65000-7f7c77b68000 ---p 00000000 00:00 0 
7f7c77b68000-7f7c77c66000 rw-p 00000000 00:00 0 
7f7c77c66000-7f7c77c69000 ---p 00000000 00:00 0 
7f7c77c69000-7f7c77d67000 rw-p 00000000 00:00 0 
7f7c77d67000-7f7c77eff000 r--p 00000000 ca:01 29052                      /usr/lib/locale/locale-archive
7f7c77eff000-7f7c77f02000 ---p 00000000 00:00 0 
7f7c77f02000-7f7c78000000 rw-p 00000000 00:00 0 
7f7c78000000-7f7c78374000 rw-p 00000000 00:00 0 
7f7c78374000-7f7c7c000000 ---p 00000000 00:00 0 
7f7c7c000000-7f7c7c001000 r--s 00000000 ca:01 261600                     /home/ubuntu/spark-2.1.1-bin-hadoop2.7/jars/javax.inject-1.jar
7f7c7c001000-7f7c7c003000 r--s 0001f000 ca:01 261825                     /home/ubuntu/spark-2.1.1-bin-hadoop2.7/jars/commons-crypto-1.0.0.jar
7f7c7c003000-7f7c7c006000 r--s 00016000 ca:01 261593                     /home/ubuntu/spark-2.1.1-bin-hadoop2.7/jars/jsp-api-2.1.jar
7f7c7c006000-7f7c7c007000 r--s 00001000 ca:01 261838                     /home/ubuntu/spark-2.1.1-bin-hadoop2.7/jars/javax.inject-2.4.0-b34.jar
7f7c7c007000-7f7c7c008000 r--s 00002000 ca:01 261586                     /home/ubuntu/spark-2.1.1-bin-hadoop2.7/jars/java-xmlbuilder-1.0.jar
7f7c7c008000-7f7c7c00a000 r--s 00015000 ca:01 261547                     /home/ubuntu/spark-2.1.1-bin-hadoop2.7/jars/hadoop-auth-2.7.3.jar
7f7c7c00a000-7f7c7c00e000 r--s 0002f000 ca:01 261795                     /home/ubuntu/spark-2.1.1-bin-hadoop2.7/jars/commons-beanutils-core-1.8.0.jar
7f7c7c00e000-7f7c7c010000 r--s 00008000 ca:01 261544                     /home/ubuntu/spark-2.1.1-bin-hadoop2.7/jars/metrics-jvm-3.1.2.jar
7f7c7c010000-7f7c7c013000 r--s 00015000 ca:01 261723                     /home/ubuntu/spark-2.1.1-bin-hadoop2.7/jars/pyrolite-4.13.jar
7f7c7c013000-7f7c7c015000 r--s 0000e000 ca:01 261760                     /home/ubuntu/spark-2.1.1-bin-hadoop2.7/jars/spark-repl_2.11-2.1.1.jar
7f7c7c015000-7f7c7c01e000 r--s 0006f000 ca:01 261724                     /home/ubuntu/spark-2.1.1-bin-hadoop2.7/jars/log4j-1.2.17.jar
7f7c7c01e000-7f7c7c022000 r--s 00025000 ca:01 261850                     /home/ubuntu/spark-2.1.1-bin-hadoop2.7/jars/jersey-client-2.22.2.jar
7f7c7c022000-7f7c7c029000 r--s 00058000 ca:01 261589                     /home/ubuntu/spark-2.1.1-bin-hadoop2.7/jars/parquet-format-2.3.0-incubating.jar
7f7c7c029000-7f7c7c02b000 r--s 00003000 ca:01 261615                     /home/ubuntu/spark-2.1.1-bin-hadoop2.7/jars/api-asn1-api-1.0.0-M20.jar
7f7c7c02b000-7f7c7c035000 r--s 0007b000 ca:01 261847                     /home/ubuntu/spark-2.1.1-bin-hadoop2.7/jars/hadoop-mapreduce-client-app-2.7.3.jar
7f7c7c035000-7f7c7c038000 r--s 0000e000 ca:01 261575                     /home/ubuntu/spark-2.1.1-bin-hadoop2.7/jars/jersey-container-servlet-core-2.22.2.jar
7f7c7c038000-7f7c7c03c000 r--s 00025000 ca:01 261538                     /home/ubuntu/spark-2.1.1-bin-hadoop2.7/jars/antlr-runtime-3.4.jar
7f7c7c03c000-7f7c7c04d000 r--s 00089000 ca:01 261623                     /home/ubuntu/spark-2.1.1-bin-hadoop2.7/jars/joda-time-2.9.3.jar
7f7c7c04d000-7f7c7c04f000 r--s 00005000 ca:01 261743                     /home/ubuntu/spark-2.1.1-bin-hadoop2.7/jars/javax.annotation-api-1.2.jar
7f7c7c04f000-7f7c7c054000 r--s 00032000 ca:01 261864                     /home/ubuntu/spark-2.1.1-bin-hadoop2.7/jars/chill_2.11-0.8.0.jar
7f7c7c054000-7f7c7c05f000 r--s 0005d000 ca:01 261853                     /home/ubuntu/spark-2.1.1-bin-hadoop2.7/jars/scala-parser-combinators_2.11-1.0.4.jar
7f7c7c05f000-7f7c7c071000 r--s 00112000 ca:01 261835                     /home/ubuntu/spark-2.1.1-bin-hadoop2.7/jars/arpack_combined_all-0.1.jar
7f7c7c071000-7f7c7c089000 r--s 000d6000 ca:01 261571                     /home/ubuntu/spark-2.1.1-bin-hadoop2.7/jars/jersey-guava-2.22.2.jar
7f7c7c089000-7f7c7c08f000 r--s 0002c000 ca:01 261828                     /home/ubuntu/spark-2.1.1-bin-hadoop2.7/jars/jdo-api-3.0.1.jar
7f7c7c08f000-7f7c7c096000 r--s 00046000 ca:01 261797                     /home/ubuntu/spark-2.1.1-bin-hadoop2.7/jars/libfb303-0.9.3.jar
7f7c7c096000-7f7c7c098000 r--s 00010000 ca:01 261622                     /home/ubuntu/spark-2.1.1-bin-hadoop2.7/jars/hadoop-mapreduce-client-shuffle-2.7.3.jar
7f7c7c098000-7f7c7c09a000 r--s 00000000 ca:01 261836                     /home/ubuntu/spark-2.1.1-bin-hadoop2.7/jars/jul-to-slf4j-1.7.16.jar
7f7c7c09a000-7f7c7c09d000 r--s 00014000 ca:01 261761                     /home/ubuntu/spark-2.1.1-bin-hadoop2.7/jars/super-csv-2.2.0.jar
7f7c7c09d000-7f7c7c0af000 r--s 000b3000 ca:01 261829                     /home/ubuntu/spark-2.1.1-bin-hadoop2.7/jars/scalap-2.11.8.jar
7f7c7c0af000-7f7c7c0b1000 r--s 00003000 ca:01 261843                     /home/ubuntu/spark-2.1.1-bin-hadoop2.7/jars/base64-2.3.8.jar
7f7c7c0b1000-7f7c7c0b3000 r--s 00003000 ca:01 261570                     /home/ubuntu/spark-2.1.1-bin-hadoop2.7/jars/jersey-container-servlet-2.22.2.jar
7f7c7c0b3000-7f7c7c0bd000 r--s 000a5000 ca:01 261766                     /home/ubuntu/spark-2.1.1-bin-hadoop2.7/jars/javassist-3.18.1-GA.jar
7f7c7c0bd000-7f7c7c0d5000 r--s 00115000 ca:01 261537                     /home/ubuntu/spark-2.1.1-bin-hadoop2.7/jars/xercesImpl-2.9.1.jar
7f7c7c0d5000-7f7c7c0d8000 r--s 00021000 ca:01 261596                     /home/ubuntu/spark-2.1.1-bin-hadoop2.7/jars/xbean-asm5-shaded-4.4.jar
7f7c7c0d8000-7f7c7c0db000 ---p 00000000 00:00 0 
7f7c7c0db000-7f7c7c1d9000 rw-p 00000000 00:00 0 
7f7c7c1d9000-7f7c7c1da000 ---p 00000000 00:00 0 
7f7c7c1da000-7f7c7c2da000 rw-p 00000000 00:00 0 
7f7c7c2da000-7f7c7c4a9000 r--s 03c32000 ca:01 256863                     /usr/lib/jvm/java-8-openjdk-amd64/jre/lib/rt.jar
7f7c7c4a9000-7f7c7cca9000 rw-p 00000000 00:00 0 
7f7c7cca9000-7f7c7cd53000 rw-p 00000000 00:00 0 
7f7c7cd53000-7f7c7cdff000 ---p 00000000 00:00 0 
7f7c7cdff000-7f7c7ce54000 rw-p 00000000 00:00 0 
7f7c7ce54000-7f7c7cea9000 ---p 00000000 00:00 0 
7f7c7cea9000-7f7c7cf54000 rw-p 00000000 00:00 0 
7f7c7cf54000-7f7c7cfff000 ---p 00000000 00:00 0 
7f7c7cfff000-7f7c7d000000 rw-p 00000000 00:00 0 
7f7c7d000000-7f7c7f820000 rwxp 00000000 00:00 0 
7f7c7f820000-7f7c8c000000 ---p 00000000 00:00 0 
7f7c8c000000-7f7c8cda9000 rw-p 00000000 00:00 0 
7f7c8cda9000-7f7c90000000 ---p 00000000 00:00 0 
7f7c90000000-7f7c90001000 r--s 00009000 ca:01 261534                     /home/ubuntu/spark-2.1.1-bin-hadoop2.7/jars/hadoop-annotations-2.7.3.jar
7f7c90001000-7f7c90004000 r--s 00025000 ca:01 261618                     /home/ubuntu/spark-2.1.1-bin-hadoop2.7/jars/commons-dbcp-1.4.jar
7f7c90004000-7f7c9002b000 r--s 0020f000 ca:01 261726                     /home/ubuntu/spark-2.1.1-bin-hadoop2.7/jars/netty-all-4.0.42.Final.jar
7f7c9002b000-7f7c9002e000 r--s 00015000 ca:01 261620                     /home/ubuntu/spark-2.1.1-bin-hadoop2.7/jars/commons-pool-1.5.4.jar
7f7c9002e000-7f7c90083000 r--s 0069c000 ca:01 261595                     /home/ubuntu/spark-2.1.1-bin-hadoop2.7/jars/spire_2.11-0.7.4.jar
7f7c90083000-7f7c90085000 r--s 00004000 ca:01 261787                     /home/ubuntu/spark-2.1.1-bin-hadoop2.7/jars/metrics-graphite-3.1.2.jar
7f7c90085000-7f7c90086000 r--s 00003000 ca:01 261827                     /home/ubuntu/spark-2.1.1-bin-hadoop2.7/jars/metrics-json-3.1.2.jar
7f7c90086000-7f7c9008b000 r--s 00027000 ca:01 261861                     /home/ubuntu/spark-2.1.1-bin-hadoop2.7/jars/hk2-api-2.4.0-b34.jar
7f7c9008b000-7f7c90091000 r--s 00034000 ca:01 261799                     /home/ubuntu/spark-2.1.1-bin-hadoop2.7/jars/libthrift-0.9.3.jar
7f7c90091000-7f7c900ac000 r--s 001d6000 ca:01 256870                     /usr/lib/jvm/java-8-openjdk-amd64/jre/lib/ext/nashorn.jar
7f7c900ac000-7f7c900c7000 r--s 00394000 ca:01 256871                     /usr/lib/jvm/java-8-openjdk-amd64/jre/lib/ext/cldrdata.jar
7f7c900c7000-7f7c901de000 rw-p 00000000 00:00 0 
7f7c901de000-7f7c904fd000 ---p 00000000 00:00 0 
7f7c904fd000-7f7c90505000 r-xp 00000000 ca:01 256902                     /usr/lib/jvm/java-8-openjdk-amd64/jre/lib/amd64/libzip.so
7f7c90505000-7f7c90704000 ---p 00008000 ca:01 256902                     /usr/lib/jvm/java-8-openjdk-amd64/jre/lib/amd64/libzip.so
7f7c90704000-7f7c90705000 r--p 00007000 ca:01 256902                     /usr/lib/jvm/java-8-openjdk-amd64/jre/lib/amd64/libzip.so
7f7c90705000-7f7c90706000 rw-p 00008000 ca:01 256902                     /usr/lib/jvm/java-8-openjdk-amd64/jre/lib/amd64/libzip.so
7f7c90706000-7f7c90711000 r-xp 00000000 ca:01 1993                       /lib/x86_64-linux-gnu/libnss_files-2.23.so
7f7c90711000-7f7c90910000 ---p 0000b000 ca:01 1993                       /lib/x86_64-linux-gnu/libnss_files-2.23.so
7f7c90910000-7f7c90911000 r--p 0000a000 ca:01 1993                       /lib/x86_64-linux-gnu/libnss_files-2.23.so
7f7c90911000-7f7c90912000 rw-p 0000b000 ca:01 1993                       /lib/x86_64-linux-gnu/libnss_files-2.23.so
7f7c90912000-7f7c90918000 rw-p 00000000 00:00 0 
7f7c90918000-7f7c90923000 r-xp 00000000 ca:01 1997                       /lib/x86_64-linux-gnu/libnss_nis-2.23.so
7f7c90923000-7f7c90b22000 ---p 0000b000 ca:01 1997                       /lib/x86_64-linux-gnu/libnss_nis-2.23.so
7f7c90b22000-7f7c90b23000 r--p 0000a000 ca:01 1997                       /lib/x86_64-linux-gnu/libnss_nis-2.23.so
7f7c90b23000-7f7c90b24000 rw-p 0000b000 ca:01 1997                       /lib/x86_64-linux-gnu/libnss_nis-2.23.so
7f7c90b24000-7f7c90b3a000 r-xp 00000000 ca:01 1977                       /lib/x86_64-linux-gnu/libnsl-2.23.so
7f7c90b3a000-7f7c90d39000 ---p 00016000 ca:01 1977                       /lib/x86_64-linux-gnu/libnsl-2.23.so
7f7c90d39000-7f7c90d3a000 r--p 00015000 ca:01 1977                       /lib/x86_64-linux-gnu/libnsl-2.23.so
7f7c90d3a000-7f7c90d3b000 rw-p 00016000 ca:01 1977                       /lib/x86_64-linux-gnu/libnsl-2.23.so
7f7c90d3b000-7f7c90d3d000 rw-p 00000000 00:00 0 
7f7c90d3d000-7f7c90d45000 r-xp 00000000 ca:01 1988                       /lib/x86_64-linux-gnu/libnss_compat-2.23.so
7f7c90d45000-7f7c90f44000 ---p 00008000 ca:01 1988                       /lib/x86_64-linux-gnu/libnss_compat-2.23.so
7f7c90f44000-7f7c90f45000 r--p 00007000 ca:01 1988                       /lib/x86_64-linux-gnu/libnss_compat-2.23.so
7f7c90f45000-7f7c90f46000 rw-p 00008000 ca:01 1988                       /lib/x86_64-linux-gnu/libnss_compat-2.23.so
7f7c90f46000-7f7c90f73000 r-xp 00000000 ca:01 256919                     /usr/lib/jvm/java-8-openjdk-amd64/jre/lib/amd64/libjava.so
7f7c90f73000-7f7c91172000 ---p 0002d000 ca:01 256919                     /usr/lib/jvm/java-8-openjdk-amd64/jre/lib/amd64/libjava.so
7f7c91172000-7f7c91173000 r--p 0002c000 ca:01 256919                     /usr/lib/jvm/java-8-openjdk-amd64/jre/lib/amd64/libjava.so
7f7c91173000-7f7c91175000 rw-p 0002d000 ca:01 256919                     /usr/lib/jvm/java-8-openjdk-amd64/jre/lib/amd64/libjava.so
7f7c91175000-7f7c91184000 r-xp 00000000 ca:01 256907                     /usr/lib/jvm/java-8-openjdk-amd64/jre/lib/amd64/libverify.so
7f7c91184000-7f7c91383000 ---p 0000f000 ca:01 256907                     /usr/lib/jvm/java-8-openjdk-amd64/jre/lib/amd64/libverify.so
7f7c91383000-7f7c91385000 r--p 0000e000 ca:01 256907                     /usr/lib/jvm/java-8-openjdk-amd64/jre/lib/amd64/libverify.so
7f7c91385000-7f7c91386000 rw-p 00010000 ca:01 256907                     /usr/lib/jvm/java-8-openjdk-amd64/jre/lib/amd64/libverify.so
7f7c91386000-7f7c9138d000 r-xp 00000000 ca:01 1998                       /lib/x86_64-linux-gnu/librt-2.23.so
7f7c9138d000-7f7c9158c000 ---p 00007000 ca:01 1998                       /lib/x86_64-linux-gnu/librt-2.23.so
7f7c9158c000-7f7c9158d000 r--p 00006000 ca:01 1998                       /lib/x86_64-linux-gnu/librt-2.23.so
7f7c9158d000-7f7c9158e000 rw-p 00007000 ca:01 1998                       /lib/x86_64-linux-gnu/librt-2.23.so
7f7c9158e000-7f7c915a4000 r-xp 00000000 ca:01 1975                       /lib/x86_64-linux-gnu/libgcc_s.so.1
7f7c915a4000-7f7c917a3000 ---p 00016000 ca:01 1975                       /lib/x86_64-linux-gnu/libgcc_s.so.1
7f7c917a3000-7f7c917a4000 rw-p 00015000 ca:01 1975                       /lib/x86_64-linux-gnu/libgcc_s.so.1
7f7c917a4000-7f7c918ac000 r-xp 00000000 ca:01 1976                       /lib/x86_64-linux-gnu/libm-2.23.so
7f7c918ac000-7f7c91aab000 ---p 00108000 ca:01 1976                       /lib/x86_64-linux-gnu/libm-2.23.so
7f7c91aab000-7f7c91aac000 r--p 00107000 ca:01 1976                       /lib/x86_64-linux-gnu/libm-2.23.so
7f7c91aac000-7f7c91aad000 rw-p 00108000 ca:01 1976                       /lib/x86_64-linux-gnu/libm-2.23.so
7f7c91aad000-7f7c91c1f000 r-xp 00000000 ca:01 7979                       /usr/lib/x86_64-linux-gnu/libstdc++.so.6.0.21
7f7c91c1f000-7f7c91e1f000 ---p 00172000 ca:01 7979                       /usr/lib/x86_64-linux-gnu/libstdc++.so.6.0.21
7f7c91e1f000-7f7c91e29000 r--p 00172000 ca:01 7979                       /usr/lib/x86_64-linux-gnu/libstdc++.so.6.0.21
7f7c91e29000-7f7c91e2b000 rw-p 0017c000 ca:01 7979                       /usr/lib/x86_64-linux-gnu/libstdc++.so.6.0.21
7f7c91e2b000-7f7c91e2f000 rw-p 00000000 00:00 0 
7f7c91e2f000-7f7c92a8c000 r-xp 00000000 ca:01 256884                     /usr/lib/jvm/java-8-openjdk-amd64/jre/lib/amd64/server/libjvm.so
7f7c92a8c000-7f7c92c8c000 ---p 00c5d000 ca:01 256884                     /usr/lib/jvm/java-8-openjdk-amd64/jre/lib/amd64/server/libjvm.so
7f7c92c8c000-7f7c92d20000 r--p 00c5d000 ca:01 256884                     /usr/lib/jvm/java-8-openjdk-amd64/jre/lib/amd64/server/libjvm.so
7f7c92d20000-7f7c92d49000 rw-p 00cf1000 ca:01 256884                     /usr/lib/jvm/java-8-openjdk-amd64/jre/lib/amd64/server/libjvm.so
7f7c92d49000-7f7c92d79000 rw-p 00000000 00:00 0 
7f7c92d79000-7f7c92d91000 r-xp 00000000 ca:01 1979                       /lib/x86_64-linux-gnu/libpthread-2.23.so
7f7c92d91000-7f7c92f90000 ---p 00018000 ca:01 1979                       /lib/x86_64-linux-gnu/libpthread-2.23.so
7f7c92f90000-7f7c92f91000 r--p 00017000 ca:01 1979                       /lib/x86_64-linux-gnu/libpthread-2.23.so
7f7c92f91000-7f7c92f92000 rw-p 00018000 ca:01 1979                       /lib/x86_64-linux-gnu/libpthread-2.23.so
7f7c92f92000-7f7c92f96000 rw-p 00000000 00:00 0 
7f7c92f96000-7f7c92f99000 r-xp 00000000 ca:01 1982                       /lib/x86_64-linux-gnu/libdl-2.23.so
7f7c92f99000-7f7c93198000 ---p 00003000 ca:01 1982                       /lib/x86_64-linux-gnu/libdl-2.23.so
7f7c93198000-7f7c93199000 r--p 00002000 ca:01 1982                       /lib/x86_64-linux-gnu/libdl-2.23.so
7f7c93199000-7f7c9319a000 rw-p 00003000 ca:01 1982                       /lib/x86_64-linux-gnu/libdl-2.23.so
7f7c9319a000-7f7c931b3000 r-xp 00000000 ca:01 2129                       /lib/x86_64-linux-gnu/libz.so.1.2.8
7f7c931b3000-7f7c933b2000 ---p 00019000 ca:01 2129                       /lib/x86_64-linux-gnu/libz.so.1.2.8
7f7c933b2000-7f7c933b3000 r--p 00018000 ca:01 2129                       /lib/x86_64-linux-gnu/libz.so.1.2.8
7f7c933b3000-7f7c933b4000 rw-p 00019000 ca:01 2129                       /lib/x86_64-linux-gnu/libz.so.1.2.8
7f7c933b4000-7f7c93574000 r-xp 00000000 ca:01 1980                       /lib/x86_64-linux-gnu/libc-2.23.so
7f7c93574000-7f7c93774000 ---p 001c0000 ca:01 1980                       /lib/x86_64-linux-gnu/libc-2.23.so
7f7c93774000-7f7c93778000 r--p 001c0000 ca:01 1980                       /lib/x86_64-linux-gnu/libc-2.23.so
7f7c93778000-7f7c9377a000 rw-p 001c4000 ca:01 1980                       /lib/x86_64-linux-gnu/libc-2.23.so
7f7c9377a000-7f7c9377e000 rw-p 00000000 00:00 0 
7f7c9377e000-7f7c9378b000 r-xp 00000000 ca:01 256904                     /usr/lib/jvm/java-8-openjdk-amd64/jre/lib/amd64/jli/libjli.so
7f7c9378b000-7f7c9398b000 ---p 0000d000 ca:01 256904                     /usr/lib/jvm/java-8-openjdk-amd64/jre/lib/amd64/jli/libjli.so
7f7c9398b000-7f7c9398c000 r--p 0000d000 ca:01 256904                     /usr/lib/jvm/java-8-openjdk-amd64/jre/lib/amd64/jli/libjli.so
7f7c9398c000-7f7c9398d000 rw-p 0000e000 ca:01 256904                     /usr/lib/jvm/java-8-openjdk-amd64/jre/lib/amd64/jli/libjli.so
7f7c9398d000-7f7c939b3000 r-xp 00000000 ca:01 1978                       /lib/x86_64-linux-gnu/ld-2.23.so
7f7c939b3000-7f7c939b5000 r--s 0000f000 ca:01 261715                     /home/ubuntu/spark-2.1.1-bin-hadoop2.7/jars/curator-client-2.6.0.jar
7f7c939b5000-7f7c939b8000 r--s 0000f000 ca:01 256869                     /usr/lib/jvm/java-8-openjdk-amd64/jre/lib/ext/icedtea-sound.jar
7f7c939b8000-7f7c939bb000 r--s 00038000 ca:01 256872                     /usr/lib/jvm/java-8-openjdk-amd64/jre/lib/ext/sunpkcs11.jar
7f7c939bb000-7f7c939c1000 r--s 0003b000 ca:01 256877                     /usr/lib/jvm/java-8-openjdk-amd64/jre/lib/ext/sunjce_provider.jar
7f7c939c1000-7f7c939cb000 r--s 00116000 ca:01 256876                     /usr/lib/jvm/java-8-openjdk-amd64/jre/lib/ext/localedata.jar
7f7c939cb000-7f7c93a9c000 rw-p 00000000 00:00 0 
7f7c93a9c000-7f7c93aa4000 rw-s 00000000 ca:01 293293                     /tmp/hsperfdata_ubuntu/24436
7f7c93aa4000-7f7c93aa7000 ---p 00000000 00:00 0 
7f7c93aa7000-7f7c93ba9000 rw-p 00000000 00:00 0 
7f7c93ba9000-7f7c93baa000 r--s 00010000 ca:01 256874                     /usr/lib/jvm/java-8-openjdk-amd64/jre/lib/ext/zipfs.jar
7f7c93baa000-7f7c93bab000 r--s 0000a000 ca:01 256879                     /usr/lib/jvm/java-8-openjdk-amd64/jre/lib/ext/jaccess.jar
7f7c93bab000-7f7c93bad000 r--s 00001000 ca:01 256873                     /usr/lib/jvm/java-8-openjdk-amd64/jre/lib/ext/dnsns.jar
7f7c93bad000-7f7c93baf000 r--s 00008000 ca:01 256878                     /usr/lib/jvm/java-8-openjdk-amd64/jre/lib/ext/sunec.jar
7f7c93baf000-7f7c93bb0000 rw-p 00000000 00:00 0 
7f7c93bb0000-7f7c93bb1000 ---p 00000000 00:00 0 
7f7c93bb1000-7f7c93bb2000 rw-p 00000000 00:00 0 
7f7c93bb2000-7f7c93bb3000 r--p 00025000 ca:01 1978                       /lib/x86_64-linux-gnu/ld-2.23.so
7f7c93bb3000-7f7c93bb4000 rw-p 00026000 ca:01 1978                       /lib/x86_64-linux-gnu/ld-2.23.so
7f7c93bb4000-7f7c93bb5000 rw-p 00000000 00:00 0 
7ffd816fb000-7ffd8171c000 rw-p 00000000 00:00 0                          [stack]
7ffd817bc000-7ffd817bf000 r--p 00000000 00:00 0                          [vvar]
7ffd817bf000-7ffd817c1000 r-xp 00000000 00:00 0                          [vdso]
ffffffffff600000-ffffffffff601000 r-xp 00000000 00:00 0                  [vsyscall]

VM Arguments:
jvm_args: -Xmx1g 
java_command: org.apache.spark.deploy.SparkSubmit --conf spark.app.name=Verify the data quality pyspark-shell
java_class_path (initial): /home/ubuntu/spark-2.1.1-bin-hadoop2.7/conf/:/home/ubuntu/spark-2.1.1-bin-hadoop2.7/jars/libthrift-0.9.3.jar:/home/ubuntu/spark-2.1.1-bin-hadoop2.7/jars/curator-client-2.6.0.jar:/home/ubuntu/spark-2.1.1-bin-hadoop2.7/jars/hk2-api-2.4.0-b34.jar:/home/ubuntu/spark-2.1.1-bin-hadoop2.7/jars/metrics-json-3.1.2.jar:/home/ubuntu/spark-2.1.1-bin-hadoop2.7/jars/metrics-graphite-3.1.2.jar:/home/ubuntu/spark-2.1.1-bin-hadoop2.7/jars/spire_2.11-0.7.4.jar:/home/ubuntu/spark-2.1.1-bin-hadoop2.7/jars/commons-pool-1.5.4.jar:/home/ubuntu/spark-2.1.1-bin-hadoop2.7/jars/netty-all-4.0.42.Final.jar:/home/ubuntu/spark-2.1.1-bin-hadoop2.7/jars/commons-dbcp-1.4.jar:/home/ubuntu/spark-2.1.1-bin-hadoop2.7/jars/xbean-asm5-shaded-4.4.jar:/home/ubuntu/spark-2.1.1-bin-hadoop2.7/jars/xercesImpl-2.9.1.jar:/home/ubuntu/spark-2.1.1-bin-hadoop2.7/jars/hadoop-annotations-2.7.3.jar:/home/ubuntu/spark-2.1.1-bin-hadoop2.7/jars/javassist-3.18.1-GA.jar:/home/ubuntu/spark-2.1.1-bin-hadoop2.7/jars/jersey-container-servlet-2.22.2.jar:/home/ubuntu/spark-2.1.1-bin-hadoop2.7/jars/base64-2.3.8.jar:/home/ubuntu/spark-2.1.1-bin-hadoop2.7/jars/scalap-2.11.8.jar:/home/ubuntu/spark-2.1.1-bin-hadoop2.7/jars/super-csv-2.2.0.jar:/home/ubuntu/spark-2.1.1-bin-hadoop2.7/jars/jul-to-slf4j-1.7.16.jar:/home/ubuntu/spark-2.1.1-bin-hadoop2.7/jars/hadoop-mapreduce-client-shuffle-2.7.3.jar:/home/ubuntu/spark-2.1.1-bin-hadoop2.7/jars/libfb303-0.9.3.jar:/home/ubuntu/spark-2.1.1-bin-hadoop2.7/jars/jdo-api-3.0.1.jar:/home/ubuntu/spark-2.1.1-bin-hadoop2.7/jars/jersey-guava-2.22.2.jar:/home/ubuntu/spark-2.1.1-bin-hadoop2.7/jars/arpack_combined_all-0.1.jar:/home/ubuntu/spark-2.1.1-bin-hadoop2.7/jars/scala-parser-combinators_2.11-1.0.4.jar:/home/ubuntu/spark-2.1.1-bin-hadoop2.7/jars/chill_2.11-0.8.0.jar:/home/ubuntu/spark-2.1.1-bin-hadoop2.7/jars/javax.annotation-api-1.2.jar:/home/ubuntu/spark-2.1.1-bin-hadoop2.7/jars/joda-time-2.9.3.jar:/home/ubuntu/spark-2.1.1-bin-hadoop2.7/jars/antlr-runtime-3.4.jar:/home/u
Launcher Type: SUN_STANDARD

Environment Variables:
PATH=/home/ubuntu/.local/bin:/home/ubuntu/bin:/home/ubuntu/.local/bin:/usr/local/sbin:/usr/local/bin:/usr/sbin:/usr/bin:/sbin:/bin:/usr/games:/usr/local/games:/snap/bin
SHELL=/bin/bash

Signal Handlers:
SIGSEGV: [libjvm.so+0xa71a30], sa_mask[0]=11111111011111111101111111111110, sa_flags=SA_RESTART|SA_SIGINFO
SIGBUS: [libjvm.so+0xa71a30], sa_mask[0]=11111111011111111101111111111110, sa_flags=SA_RESTART|SA_SIGINFO
SIGFPE: [libjvm.so+0x8b8f40], sa_mask[0]=11111111011111111101111111111110, sa_flags=SA_RESTART|SA_SIGINFO
SIGPIPE: [libjvm.so+0x8b8f40], sa_mask[0]=11111111011111111101111111111110, sa_flags=SA_RESTART|SA_SIGINFO
SIGXFSZ: [libjvm.so+0x8b8f40], sa_mask[0]=11111111011111111101111111111110, sa_flags=SA_RESTART|SA_SIGINFO
SIGILL: [libjvm.so+0x8b8f40], sa_mask[0]=11111111011111111101111111111110, sa_flags=SA_RESTART|SA_SIGINFO
SIGUSR1: SIG_DFL, sa_mask[0]=00000000000000000000000000000000, sa_flags=none
SIGUSR2: [libjvm.so+0x8b8df0], sa_mask[0]=00000000000000000000000000000000, sa_flags=SA_RESTART|SA_SIGINFO
SIGHUP: [libjvm.so+0x8b92c0], sa_mask[0]=11111111011111111101111111111110, sa_flags=SA_RESTART|SA_SIGINFO
SIGINT: SIG_IGN, sa_mask[0]=00000000000000000000000000000000, sa_flags=none
SIGTERM: [libjvm.so+0x8b92c0], sa_mask[0]=11111111011111111101111111111110, sa_flags=SA_RESTART|SA_SIGINFO
SIGQUIT: [libjvm.so+0x8b92c0], sa_mask[0]=11111111011111111101111111111110, sa_flags=SA_RESTART|SA_SIGINFO


---------------  S Y S T E M  ---------------

OS:DISTRIB_ID=Ubuntu
DISTRIB_RELEASE=16.04
DISTRIB_CODENAME=xenial
DISTRIB_DESCRIPTION="Ubuntu 16.04.4 LTS"

uname:Linux 4.4.0-1065-aws #75-Ubuntu SMP Fri Aug 10 11:14:32 UTC 2018 x86_64
libc:glibc 2.23 NPTL 2.23 
rlimit: STACK 8192k, CORE 0k, NPROC 3900, NOFILE 1048576, AS infinity
load average:2.32 0.69 0.24

/proc/meminfo:
MemTotal:        1014500 kB
MemFree:           57848 kB
MemAvailable:          0 kB
Buffers:             188 kB
Cached:            15408 kB
SwapCached:            0 kB
Active:           882396 kB
Inactive:          11732 kB
Active(anon):     881336 kB
Inactive(anon):    10352 kB
Active(file):       1060 kB
Inactive(file):     1380 kB
Unevictable:        3652 kB
Mlocked:            3652 kB
SwapTotal:             0 kB
SwapFree:              0 kB
Dirty:                52 kB
Writeback:             0 kB
AnonPages:        882200 kB
Mapped:             4516 kB
Shmem:             10716 kB
Slab:              36492 kB
SReclaimable:      19540 kB
SUnreclaim:        16952 kB
KernelStack:        3328 kB
PageTables:         5432 kB
NFS_Unstable:          0 kB
Bounce:                0 kB
WritebackTmp:          0 kB
CommitLimit:      507248 kB
Committed_AS:    1303004 kB
VmallocTotal:   34359738367 kB
VmallocUsed:           0 kB
VmallocChunk:          0 kB
HardwareCorrupted:     0 kB
AnonHugePages:    305152 kB
CmaTotal:              0 kB
CmaFree:               0 kB
HugePages_Total:       0
HugePages_Free:        0
HugePages_Rsvd:        0
HugePages_Surp:        0
Hugepagesize:       2048 kB
DirectMap4k:       49152 kB
DirectMap2M:      999424 kB


CPU:total 1 (initial active 1) (1 cores per cpu, 1 threads per core) family 6 model 63 stepping 2, cmov, cx8, fxsr, mmx, sse, sse2, sse3, ssse3, sse4.1, sse4.2, popcnt, avx, avx2, aes, clmul, erms, lzcnt, tsc, bmi1, bmi2

/proc/cpuinfo:
processor	: 0
vendor_id	: GenuineIntel
cpu family	: 6
model		: 63
model name	: Intel(R) Xeon(R) CPU E5-2676 v3 @ 2.40GHz
stepping	: 2
microcode	: 0x3c
cpu MHz		: 2400.046
cache size	: 30720 KB
physical id	: 0
siblings	: 1
core id		: 0
cpu cores	: 1
apicid		: 0
initial apicid	: 0
fpu		: yes
fpu_exception	: yes
cpuid level	: 13
wp		: yes
flags		: fpu vme de pse tsc msr pae mce cx8 apic sep mtrr pge mca cmov pat pse36 clflush mmx fxsr sse sse2 ht syscall nx rdtscp lm constant_tsc rep_good nopl xtopology eagerfpu pni pclmulqdq ssse3 fma cx16 pcid sse4_1 sse4_2 x2apic movbe popcnt tsc_deadline_timer aes xsave avx f16c rdrand hypervisor lahf_lm abm invpcid_single kaiser fsgsbase bmi1 avx2 smep bmi2 erms invpcid xsaveopt
bugs		: cpu_meltdown spectre_v1 spectre_v2 spec_store_bypass l1tf
bogomips	: 4800.09
clflush size	: 64
cache_alignment	: 64
address sizes	: 46 bits physical, 48 bits virtual
power management:



Memory: 4k page, physical 1014500k(57848k free), swap 0k(0k free)

vm_info: OpenJDK 64-Bit Server VM (25.181-b13) for linux-amd64 JRE (1.8.0_181-8u181-b13-0ubuntu0.16.04.1-b13), built on Jul 30 2018 21:06:27 by "buildd" with gcc 5.4.0 20160609

time: Sun Oct 14 21:47:24 2018
elapsed time: 2876 seconds (0d 0h 47m 56s)

